Log file open, 01/13/17 14:07:07
LogInit:Display: Running engine for game: MyProject
LogPlatformFile: Not using cached read wrapper
LogInit:Display: RandInit(-197182327) SRandInit(-197182327).
LogTaskGraph: Started task graph with 5 named threads and 8 total threads with 1 sets of task threads.
LogStats: Stats thread started at 0.073807
LogPluginManager: Loaded Plugin Paper2D, From C:/Program Files (x86)/Epic Games/4.14/Engine/Plugins/2D/Paper2D/Paper2D.uplugin
LogPluginManager: Loaded Plugin LightPropagationVolume, From C:/Program Files (x86)/Epic Games/4.14/Engine/Plugins/Blendables/LightPropagationVolume/LightPropagationVolume.uplugin
LogPluginManager: Loaded Plugin BlankPlugin, From C:/Program Files (x86)/Epic Games/4.14/Engine/Plugins/Developer/BlankPlugin/BlankPlugin.uplugin
LogPluginManager: Loaded Plugin CodeLiteSourceCodeAccess, From C:/Program Files (x86)/Epic Games/4.14/Engine/Plugins/Developer/CodeLiteSourceCodeAccess/CodeLiteSourceCodeAccess.uplugin
LogPluginManager: Loaded Plugin GitSourceControl, From C:/Program Files (x86)/Epic Games/4.14/Engine/Plugins/Developer/GitSourceControl/GitSourceControl.uplugin
LogPluginManager: Loaded Plugin KDevelopSourceCodeAccess, From C:/Program Files (x86)/Epic Games/4.14/Engine/Plugins/Developer/KDevelopSourceCodeAccess/KDevelopSourceCodeAccess.uplugin
LogPluginManager: Loaded Plugin NullSourceCodeAccess, From C:/Program Files (x86)/Epic Games/4.14/Engine/Plugins/Developer/NullSourceCodeAccess/NullSourceCodeAccess.uplugin
LogPluginManager: Loaded Plugin OneSkyLocalizationService, From C:/Program Files (x86)/Epic Games/4.14/Engine/Plugins/Developer/OneSkyLocalizationService/OneSkyLocalizationService.uplugin
LogPluginManager: Loaded Plugin PerforceSourceControl, From C:/Program Files (x86)/Epic Games/4.14/Engine/Plugins/Developer/PerforceSourceControl/PerforceSourceControl.uplugin
LogPluginManager: Loaded Plugin SubversionSourceControl, From C:/Program Files (x86)/Epic Games/4.14/Engine/Plugins/Developer/SubversionSourceControl/SubversionSourceControl.uplugin
LogPluginManager: Loaded Plugin UObjectPlugin, From C:/Program Files (x86)/Epic Games/4.14/Engine/Plugins/Developer/UObjectPlugin/UObjectPlugin.uplugin
LogPluginManager: Loaded Plugin VisualStudioSourceCodeAccess, From C:/Program Files (x86)/Epic Games/4.14/Engine/Plugins/Developer/VisualStudioSourceCodeAccess/VisualStudioSourceCodeAccess.uplugin
LogPluginManager: Loaded Plugin XCodeSourceCodeAccess, From C:/Program Files (x86)/Epic Games/4.14/Engine/Plugins/Developer/XCodeSourceCodeAccess/XCodeSourceCodeAccess.uplugin
LogPluginManager: Loaded Plugin AudioCapture, From C:/Program Files (x86)/Epic Games/4.14/Engine/Plugins/Editor/AudioCapture/AudioCapture.uplugin
LogPluginManager: Loaded Plugin EpicSurvey, From C:/Program Files (x86)/Epic Games/4.14/Engine/Plugins/Editor/EpicSurvey/EpicSurvey.uplugin
LogPluginManager: Loaded Plugin MacGraphicsSwitching, From C:/Program Files (x86)/Epic Games/4.14/Engine/Plugins/Editor/MacGraphicsSwitching/MacGraphicsSwitching.uplugin
LogPluginManager: Loaded Plugin MobileLauncherProfileWizard, From C:/Program Files (x86)/Epic Games/4.14/Engine/Plugins/Editor/MobileLauncherProfileWizard/MobileLauncherProfileWizard.uplugin
LogPluginManager: Loaded Plugin PluginBrowser, From C:/Program Files (x86)/Epic Games/4.14/Engine/Plugins/Editor/PluginBrowser/PluginBrowser.uplugin
LogPluginManager: Loaded Plugin SpeedTreeImporter, From C:/Program Files (x86)/Epic Games/4.14/Engine/Plugins/Editor/SpeedTreeImporter/SpeedTreeImporter.uplugin
LogPluginManager: Loaded Plugin SuperSearchEditor, From C:/Program Files (x86)/Epic Games/4.14/Engine/Plugins/Editor/SuperSearchEditor/SuperSearchEditor.uplugin
LogPluginManager: Loaded Plugin AlembicImporter, From C:/Program Files (x86)/Epic Games/4.14/Engine/Plugins/Experimental/AlembicImporter/AlembicImporter.uplugin
LogPluginManager: Loaded Plugin BlueprintStats, From C:/Program Files (x86)/Epic Games/4.14/Engine/Plugins/Experimental/BlueprintStats/BlueprintStats.uplugin
LogPluginManager: Loaded Plugin CharacterAI, From C:/Program Files (x86)/Epic Games/4.14/Engine/Plugins/Experimental/CharacterAI/CharacterAI.uplugin
LogPluginManager: Loaded Plugin CodeEditor, From C:/Program Files (x86)/Epic Games/4.14/Engine/Plugins/Experimental/CodeEditor/CodeEditor.uplugin
LogPluginManager: Loaded Plugin CodeView, From C:/Program Files (x86)/Epic Games/4.14/Engine/Plugins/Experimental/CodeView/CodeView.uplugin
LogPluginManager: Loaded Plugin HTML5Networking, From C:/Program Files (x86)/Epic Games/4.14/Engine/Plugins/Experimental/HTML5Networking/HTML5Networking.uplugin
LogPluginManager: Loaded Plugin OSVR, From C:/Program Files (x86)/Epic Games/4.14/Engine/Plugins/Experimental/OSVR/OSVR.uplugin
LogPluginManager: Loaded Plugin Phya, From C:/Program Files (x86)/Epic Games/4.14/Engine/Plugins/Experimental/Phya/Phya.uplugin
LogPluginManager: Loaded Plugin SignificanceManager, From C:/Program Files (x86)/Epic Games/4.14/Engine/Plugins/Experimental/SignificanceManager/SignificanceManager.uplugin
LogPluginManager: Loaded Plugin SimpleHMD, From C:/Program Files (x86)/Epic Games/4.14/Engine/Plugins/Experimental/SimpleHMD/SimpleHMD.uplugin
LogPluginManager: Loaded Plugin StereoPanorama, From C:/Program Files (x86)/Epic Games/4.14/Engine/Plugins/Experimental/StereoPanorama/StereoPanorama.uplugin
LogPluginManager: Loaded Plugin StructBox, From C:/Program Files (x86)/Epic Games/4.14/Engine/Plugins/Experimental/StructBox/StructBox.uplugin
LogPluginManager: Loaded Plugin LowEntryExtStdLib, From C:/Program Files (x86)/Epic Games/4.14/Engine/Plugins/Marketplace/LowEntryExtStdLib/LowEntryExtStdLib.uplugin
LogPluginManager: Loaded Plugin AndroidMedia, From C:/Program Files (x86)/Epic Games/4.14/Engine/Plugins/Media/AndroidMedia/AndroidMedia.uplugin
LogPluginManager: Loaded Plugin AvfMedia, From C:/Program Files (x86)/Epic Games/4.14/Engine/Plugins/Media/AvfMedia/AvfMedia.uplugin
LogPluginManager: Loaded Plugin MediaPlayerEditor, From C:/Program Files (x86)/Epic Games/4.14/Engine/Plugins/Media/MediaPlayerEditor/MediaPlayerEditor.uplugin
LogPluginManager: Loaded Plugin WmfMedia, From C:/Program Files (x86)/Epic Games/4.14/Engine/Plugins/Media/WmfMedia/WmfMedia.uplugin
LogPluginManager: Loaded Plugin MessagingDebugger, From C:/Program Files (x86)/Epic Games/4.14/Engine/Plugins/Messaging/MessagingDebugger/MessagingDebugger.uplugin
LogPluginManager: Loaded Plugin TcpMessaging, From C:/Program Files (x86)/Epic Games/4.14/Engine/Plugins/Messaging/TcpMessaging/TcpMessaging.uplugin
LogPluginManager: Loaded Plugin UdpMessaging, From C:/Program Files (x86)/Epic Games/4.14/Engine/Plugins/Messaging/UdpMessaging/UdpMessaging.uplugin
LogPluginManager: Loaded Plugin LevelSequenceEditor, From C:/Program Files (x86)/Epic Games/4.14/Engine/Plugins/MovieScene/LevelSequenceEditor/LevelSequenceEditor.uplugin
LogPluginManager: Loaded Plugin MatineeToLevelSequence, From C:/Program Files (x86)/Epic Games/4.14/Engine/Plugins/MovieScene/MatineeToLevelSequence/MatineeToLevelSequence.uplugin
LogPluginManager: Loaded Plugin NetcodeUnitTest, From C:/Program Files (x86)/Epic Games/4.14/Engine/Plugins/NetcodeUnitTest/NetcodeUnitTest/NetcodeUnitTest.uplugin
LogPluginManager: Loaded Plugin NUTUnrealEngine4, From C:/Program Files (x86)/Epic Games/4.14/Engine/Plugins/NetcodeUnitTest/NUTUnrealEngine4/NUTUnrealEngine4.uplugin
LogPluginManager: Loaded Plugin OnlineSubsystemGameCircle, From C:/Program Files (x86)/Epic Games/4.14/Engine/Plugins/Online/Android/OnlineSubsystemGameCircle/OnlineSubsystemGameCircle.uplugin
LogPluginManager: Loaded Plugin OnlineSubsystemGooglePlay, From C:/Program Files (x86)/Epic Games/4.14/Engine/Plugins/Online/Android/OnlineSubsystemGooglePlay/OnlineSubsystemGooglePlay.uplugin
LogPluginManager: Loaded Plugin OnlineSubsystemIOS, From C:/Program Files (x86)/Epic Games/4.14/Engine/Plugins/Online/IOS/OnlineSubsystemIOS/OnlineSubsystemIOS.uplugin
LogPluginManager: Loaded Plugin OnlineFramework, From C:/Program Files (x86)/Epic Games/4.14/Engine/Plugins/Online/OnlineFramework/OnlineFramework.uplugin
LogPluginManager: Loaded Plugin OnlineSubsystem, From C:/Program Files (x86)/Epic Games/4.14/Engine/Plugins/Online/OnlineSubsystem/OnlineSubsystem.uplugin
LogPluginManager: Loaded Plugin OnlineSubsystemAmazon, From C:/Program Files (x86)/Epic Games/4.14/Engine/Plugins/Online/OnlineSubsystemAmazon/OnlineSubsystemAmazon.uplugin
LogPluginManager: Loaded Plugin OnlineSubsystemFacebook, From C:/Program Files (x86)/Epic Games/4.14/Engine/Plugins/Online/OnlineSubsystemFacebook/OnlineSubsystemFacebook.uplugin
LogPluginManager: Loaded Plugin OnlineSubsystemNull, From C:/Program Files (x86)/Epic Games/4.14/Engine/Plugins/Online/OnlineSubsystemNull/OnlineSubsystemNull.uplugin
LogPluginManager: Loaded Plugin OnlineSubsystemOculus, From C:/Program Files (x86)/Epic Games/4.14/Engine/Plugins/Online/OnlineSubsystemOculus/OnlineSubsystemOculus.uplugin
LogPluginManager: Loaded Plugin OnlineSubsystemSteam, From C:/Program Files (x86)/Epic Games/4.14/Engine/Plugins/Online/OnlineSubsystemSteam/OnlineSubsystemSteam.uplugin
LogPluginManager: Loaded Plugin OnlineSubsystemUtils, From C:/Program Files (x86)/Epic Games/4.14/Engine/Plugins/Online/OnlineSubsystemUtils/OnlineSubsystemUtils.uplugin
LogPluginManager: Loaded Plugin IOSTapJoy, From C:/Program Files (x86)/Epic Games/4.14/Engine/Plugins/Runtime/Advertising/IOSTapJoy/IOSTapJoy.uplugin
LogPluginManager: Loaded Plugin AnalyticsBlueprintLibrary, From C:/Program Files (x86)/Epic Games/4.14/Engine/Plugins/Runtime/Analytics/AnalyticsBlueprintLibrary/AnalyticsBlueprintLibrary.uplugin
LogPluginManager: Loaded Plugin AnalyticsMulticast, From C:/Program Files (x86)/Epic Games/4.14/Engine/Plugins/Runtime/Analytics/AnalyticsMulticast/AnalyticsMulticast.uplugin
LogPluginManager: Loaded Plugin Apsalar, From C:/Program Files (x86)/Epic Games/4.14/Engine/Plugins/Runtime/Analytics/Apsalar/Apsalar.uplugin
LogPluginManager: Loaded Plugin FileLogging, From C:/Program Files (x86)/Epic Games/4.14/Engine/Plugins/Runtime/Analytics/FileLogging/FileLogging.uplugin
LogPluginManager: Loaded Plugin Flurry, From C:/Program Files (x86)/Epic Games/4.14/Engine/Plugins/Runtime/Analytics/Flurry/Flurry.uplugin
LogPluginManager: Loaded Plugin AndroidDeviceProfileSelector, From C:/Program Files (x86)/Epic Games/4.14/Engine/Plugins/Runtime/AndroidDeviceProfileSelector/AndroidDeviceProfileSelector.uplugin
LogPluginManager: Loaded Plugin AndroidMoviePlayer, From C:/Program Files (x86)/Epic Games/4.14/Engine/Plugins/Runtime/AndroidMoviePlayer/AndroidMoviePlayer.uplugin
LogPluginManager: Loaded Plugin AppleMoviePlayer, From C:/Program Files (x86)/Epic Games/4.14/Engine/Plugins/Runtime/AppleMoviePlayer/AppleMoviePlayer.uplugin
LogPluginManager: Loaded Plugin ArchVisCharacter, From C:/Program Files (x86)/Epic Games/4.14/Engine/Plugins/Runtime/ArchVisCharacter/ArchVisCharacter.uplugin
LogPluginManager: Loaded Plugin CableComponent, From C:/Program Files (x86)/Epic Games/4.14/Engine/Plugins/Runtime/CableComponent/CableComponent.uplugin
LogPluginManager: Loaded Plugin CustomMeshComponent, From C:/Program Files (x86)/Epic Games/4.14/Engine/Plugins/Runtime/CustomMeshComponent/CustomMeshComponent.uplugin
LogPluginManager: Loaded Plugin ExampleDeviceProfileSelector, From C:/Program Files (x86)/Epic Games/4.14/Engine/Plugins/Runtime/ExampleDeviceProfileSelector/ExampleDeviceProfileSelector.uplugin
LogPluginManager: Loaded Plugin GearVR, From C:/Program Files (x86)/Epic Games/4.14/Engine/Plugins/Runtime/GearVR/GearVR.uplugin
LogPluginManager: Loaded Plugin GoogleVRController, From C:/Program Files (x86)/Epic Games/4.14/Engine/Plugins/Runtime/GoogleVR/GoogleVRController/GoogleVRController.uplugin
LogPluginManager: Loaded Plugin GoogleVRHMD, From C:/Program Files (x86)/Epic Games/4.14/Engine/Plugins/Runtime/GoogleVR/GoogleVRHMD/GoogleVRHMD.uplugin
LogPluginManager: Loaded Plugin IOSDeviceProfileSelector, From C:/Program Files (x86)/Epic Games/4.14/Engine/Plugins/Runtime/IOSDeviceProfileSelector/IOSDeviceProfileSelector.uplugin
LogPluginManager: Loaded Plugin LeapMotion, From C:/Program Files (x86)/Epic Games/4.14/Engine/Plugins/Runtime/LeapMotion/LeapMotion.uplugin
LogPluginManager: Loaded Plugin LinuxDeviceProfileSelector, From C:/Program Files (x86)/Epic Games/4.14/Engine/Plugins/Runtime/LinuxDeviceProfileSelector/LinuxDeviceProfileSelector.uplugin
LogPluginManager: Loaded Plugin MIDIDevice, From C:/Program Files (x86)/Epic Games/4.14/Engine/Plugins/Runtime/MIDIDevice/MIDIDevice.uplugin
LogPluginManager: Loaded Plugin MobilePatchingUtils, From C:/Program Files (x86)/Epic Games/4.14/Engine/Plugins/Runtime/MobilePatchingUtils/MobilePatchingUtils.uplugin
LogPluginManager: Loaded Plugin Ansel, From C:/Program Files (x86)/Epic Games/4.14/Engine/Plugins/Runtime/Nvidia/Ansel/Ansel.uplugin
LogPluginManager: Loaded Plugin OculusAudio, From C:/Program Files (x86)/Epic Games/4.14/Engine/Plugins/Runtime/OculusAudio/OculusAudio.uplugin
LogPluginManager: Loaded Plugin OculusInput, From C:/Program Files (x86)/Epic Games/4.14/Engine/Plugins/Runtime/OculusInput/OculusInput.uplugin
LogPluginManager: Loaded Plugin OculusLibrary, From C:/Program Files (x86)/Epic Games/4.14/Engine/Plugins/Runtime/OculusLibrary/OculusLibrary.uplugin
LogPluginManager: Loaded Plugin OculusRift, From C:/Program Files (x86)/Epic Games/4.14/Engine/Plugins/Runtime/OculusRift/OculusRift.uplugin
LogPluginManager: Loaded Plugin Oodle, From C:/Program Files (x86)/Epic Games/4.14/Engine/Plugins/Runtime/PacketHandlers/CompressionComponents/Oodle/Oodle.uplugin
LogPluginManager: Loaded Plugin ProceduralMeshComponent, From C:/Program Files (x86)/Epic Games/4.14/Engine/Plugins/Runtime/ProceduralMeshComponent/ProceduralMeshComponent.uplugin
LogPluginManager: Loaded Plugin SoundMod, From C:/Program Files (x86)/Epic Games/4.14/Engine/Plugins/Runtime/SoundMod/SoundMod.uplugin
LogPluginManager: Loaded Plugin SoundVisualizations, From C:/Program Files (x86)/Epic Games/4.14/Engine/Plugins/Runtime/SoundVisualizations/SoundVisualizations.uplugin
LogPluginManager: Loaded Plugin SteamController, From C:/Program Files (x86)/Epic Games/4.14/Engine/Plugins/Runtime/Steam/SteamController/SteamController.uplugin
LogPluginManager: Loaded Plugin SteamVR, From C:/Program Files (x86)/Epic Games/4.14/Engine/Plugins/Runtime/Steam/SteamVR/SteamVR.uplugin
LogPluginManager: Loaded Plugin WebBrowserWidget, From C:/Program Files (x86)/Epic Games/4.14/Engine/Plugins/Runtime/WebBrowserWidget/WebBrowserWidget.uplugin
LogPluginManager: Loaded Plugin WindowsDeviceProfileSelector, From C:/Program Files (x86)/Epic Games/4.14/Engine/Plugins/Runtime/WindowsDeviceProfileSelector/WindowsDeviceProfileSelector.uplugin
LogPluginManager: Loaded Plugin WindowsMoviePlayer, From C:/Program Files (x86)/Epic Games/4.14/Engine/Plugins/Runtime/WindowsMoviePlayer/WindowsMoviePlayer.uplugin
LogPluginManager: Loaded Plugin ScriptPlugin, From C:/Program Files (x86)/Epic Games/4.14/Engine/Plugins/ScriptPlugin/ScriptPlugin.uplugin
LogPluginManager: Loaded Plugin SlateRemote, From C:/Program Files (x86)/Epic Games/4.14/Engine/Plugins/Slate/SlateRemote/SlateRemote.uplugin
LogPluginManager: Loaded Plugin EditorTests, From C:/Program Files (x86)/Epic Games/4.14/Engine/Plugins/Tests/EditorTests/EditorTests.uplugin
LogPluginManager: Loaded Plugin FbxAutomationTestBuilder, From C:/Program Files (x86)/Epic Games/4.14/Engine/Plugins/Tests/FbxAutomationTestBuilder/FbxAutomationTestBuilder.uplugin
LogPluginManager: Loaded Plugin FunctionalTestingEditor, From C:/Program Files (x86)/Epic Games/4.14/Engine/Plugins/Tests/FunctionalTestingEditor/FunctionalTestingEditor.uplugin
LogPluginManager: Loaded Plugin RuntimeTests, From C:/Program Files (x86)/Epic Games/4.14/Engine/Plugins/Tests/RuntimeTests/RuntimeTests.uplugin
LogPluginManager: Loaded Plugin ScreenshotTools, From C:/Program Files (x86)/Epic Games/4.14/Engine/Plugins/Tests/ScreenshotTools/ScreenshotTools.uplugin
LogInit: Using libcurl 7.47.1
LogInit:  - built for x86_64-pc-win32
LogInit:  - supports SSL with OpenSSL/1.0.2g
LogInit:  - supports HTTP deflate (compression) using libz 1.2.8
LogInit:  - other features:
LogInit:      CURL_VERSION_SSL
LogInit:      CURL_VERSION_LIBZ
LogInit:      CURL_VERSION_IPV6
LogInit:      CURL_VERSION_ASYNCHDNS
LogInit:      CURL_VERSION_LARGEFILE
LogInit:      CURL_VERSION_IDN
LogInit:  CurlRequestOptions (configurable via config and command line):
LogInit:  - bVerifyPeer = false  - Libcurl will NOT verify peer certificate
LogInit:  - bUseHttpProxy = false  - Libcurl will NOT use HTTP proxy
LogInit:  - bDontReuseConnections = false  - Libcurl will reuse connections
LogInit:  - CertBundlePath = nullptr  - Libcurl will use whatever was configured at build time.
LogInit: Build: ++UE4+Release-4.14-CL-3249277
LogInit: Engine Version: 4.14.3-3249277+++UE4+Release-4.14
LogInit: Compatible Engine Version: 4.14.0-3195953+++UE4+Release-4.14
LogInit: Net CL: 3195953
LogDevObjectVersion: Number of dev versions registered: 13
LogDevObjectVersion:   Dev-Blueprints (B0D832E4-1F89-4F0D-ACCF-7EB736FD4AA2): 7
LogDevObjectVersion:   Dev-Build (E1C64328-A22C-4D53-A36C-8E866417BD8C): 0
LogDevObjectVersion:   Dev-Core (375EC13C-06E4-48FB-B500-84F0262A717E): 1
LogDevObjectVersion:   Dev-Editor (E4B068ED-F494-42E9-A231-DA0B2E46BB41): 8
LogDevObjectVersion:   Dev-Framework (CFFC743F-43B0-4480-9391-14DF171D2073): 17
LogDevObjectVersion:   Dev-Mobile (B02B49B5-BB20-44E9-A304-32B752E40360): 0
LogDevObjectVersion:   Dev-Networking (A4E4105C-59A1-49B5-A7C5-40C4547EDFEE): 0
LogDevObjectVersion:   Dev-Online (39C831C9-5AE6-47DC-9A44-9C173E1C8E7C): 0
LogDevObjectVersion:   Dev-Physics (78F01B33-EBEA-4F98-B9B4-84EACCB95AA2): 0
LogDevObjectVersion:   Dev-Platform (6631380F-2D4D-43E0-8009-CF276956A95A): 0
LogDevObjectVersion:   Dev-Rendering (12F88B9F-8875-4AFC-A67C-D90C383ABD29): 12
LogDevObjectVersion:   Dev-Sequencer (7B5AE74C-D270-4C10-A958-57980B212A5A): 1
LogDevObjectVersion:   Dev-VR (D7296918-1DD6-4BDD-9DE2-64A83CC13884): 0
LogInit: Compiled (64-bit): Jan  6 2017 10:49:43
LogInit: Compiled with Visual C++: 19.00.23026.00
LogInit: Build Configuration: Development
LogInit: Branch Name: ++UE4+Release-4.14
LogInit: Command line:  
LogInit: Base directory: C:/Program Files (x86)/Epic Games/4.14/Engine/Binaries/Win64/
LogInit: Installed Engine Build: 1
LogInit: Presizing for max 8388607 objects, including 0 objects not considered by GC, pre-allocating 0 bytes for permanent pool.
LogInit: Object subsystem initialized
[2017.01.13-13.07.08:170][  0]LogInit: Selected Device Profile: [Windows]
[2017.01.13-13.07.08:170][  0]LogInit: Applying CVar settings loaded from the selected device profile: [Windows]
[2017.01.13-13.07.08:208][  0]LogInit: Computer: ŁUKASZ-KOMPUTER
[2017.01.13-13.07.08:208][  0]LogInit: User: Łukasz
[2017.01.13-13.07.08:208][  0]LogInit: CPU Page size=65536, Cores=4
[2017.01.13-13.07.08:208][  0]LogInit: High frequency timer resolution =3.026503 MHz
[2017.01.13-13.07.08:208][  0]LogMemory: Memory total: Physical=7.9GB (8GB approx)
[2017.01.13-13.07.08:208][  0]LogMemory: Platform Memory Stats for Windows
[2017.01.13-13.07.08:208][  0]LogMemory: Process Physical Memory: 264.82 MB used, 264.82 MB peak
[2017.01.13-13.07.08:208][  0]LogMemory: Process Virtual Memory: 264.61 MB used, 264.61 MB peak
[2017.01.13-13.07.08:208][  0]LogMemory: Physical Memory: 3813.80 MB used,  4316.61 MB free, 8130.41 MB total
[2017.01.13-13.07.08:208][  0]LogMemory: Virtual Memory: 664.04 MB used,  4316.61 MB free, 8388608.00 MB total
[2017.01.13-13.07.08:280][  0]LogTextLocalizationManager: No translations for ('pl-PL') exist, falling back to 'en' for localization and internationalization data.
[2017.01.13-13.07.09:553][  0]LogD3D11RHI: D3D11 adapters:
[2017.01.13-13.07.09:570][  0]LogD3D11RHI:    0. 'NVIDIA GeForce GTX 760' (Feature Level 11_0)
[2017.01.13-13.07.09:570][  0]LogD3D11RHI:       1989/0/3809 MB DedicatedVideo/DedicatedSystem/SharedSystem, Outputs:1, VendorId:0x10de
[2017.01.13-13.07.09:570][  0]LogD3D11RHI: Chosen D3D11 Adapter: 0
[2017.01.13-13.07.09:577][  0]LogD3D11RHI: Creating new Direct3DDevice
[2017.01.13-13.07.09:577][  0]LogD3D11RHI:     GPU DeviceId: 0x1187 (for the marketing name, search the web for "GPU Device Id")
[2017.01.13-13.07.09:577][  0]LogWindows: EnumDisplayDevices:
[2017.01.13-13.07.09:577][  0]LogWindows:    0. 'NVIDIA GeForce GTX 760' (P:1 D:1)
[2017.01.13-13.07.09:577][  0]LogWindows:    1. 'NVIDIA GeForce GTX 760' (P:0 D:0)
[2017.01.13-13.07.09:577][  0]LogWindows:    2. 'NVIDIA GeForce GTX 760' (P:0 D:0)
[2017.01.13-13.07.09:577][  0]LogWindows:    3. 'NVIDIA GeForce GTX 760' (P:0 D:0)
[2017.01.13-13.07.09:577][  0]LogWindows:    4. 'RDPDD Chained DD' (P:0 D:0)
[2017.01.13-13.07.09:578][  0]LogWindows:    5. 'RDP Encoder Mirror Driver' (P:0 D:0)
[2017.01.13-13.07.09:578][  0]LogWindows:    6. 'RDP Reflector Display Driver' (P:0 D:0)
[2017.01.13-13.07.09:578][  0]LogWindows: DebugString: GetVideoDriverDetailsInvalid PrimaryIsNotTheChoosenAdapter GetVideoDriverDetailsInvalid PrimaryIsNotTheChoosenAdapter GetVideoDriverDetailsInvalid PrimaryIsNotTheChoosenAdapter FoundDriverCount:4 
[2017.01.13-13.07.09:578][  0]LogD3D11RHI:     Adapter Name: NVIDIA GeForce GTX 760
[2017.01.13-13.07.09:578][  0]LogD3D11RHI:   Driver Version: 373.06 (internal:21.21.13.7306, unified:373.06)
[2017.01.13-13.07.09:578][  0]LogD3D11RHI:      Driver Date: 10-1-2016
[2017.01.13-13.07.09:578][  0]LogRHI: Texture pool is 1361 MB (70% of 1945 MB)
[2017.01.13-13.07.09:588][  0]LogD3D11RHI:Warning: Timestamp queries are currently disabled on this hardware due to instability. Realtime GPU stats will not be available. You can override this behaviour by setting r.NVIDIATimestampWorkaround to 0
[2017.01.13-13.07.09:588][  0]LogD3D11RHI: Async texture creation enabled
[2017.01.13-13.07.09:602][  0]LogD3D11RHI: GPU Timing Frequency: 1000.000000 (Debug: 2 2)
[2017.01.13-13.07.09:602][  0]LogShaderCompilers: Guid format shader working directory is -19 characters bigger than the processId version (../../../../../../Users/Łukasz/Documents/Unreal Projects/MyProject/Intermediate/Shaders/WorkingDirectory/1372/).
[2017.01.13-13.07.09:602][  0]LogShaderCompilers: Cleaned the shader compiler working directory 'C:/Users/Łukasz/AppData/Local/Temp/UnrealShaderWorkingDir/463A5B5A440BA0829F23B08A4A2C840B/'.
[2017.01.13-13.07.09:602][  0]LogShaderCompilers:Display: Using Local Shader Compiler.
[2017.01.13-13.07.15:690][  0]LogTemp:Display: Loaded TP AllDesktopTargetPlatform
[2017.01.13-13.07.15:755][  0]LogTemp:Display: Loaded TP MacClientTargetPlatform
[2017.01.13-13.07.15:810][  0]LogTemp:Display: Loaded TP MacNoEditorTargetPlatform
[2017.01.13-13.07.15:866][  0]LogTemp:Display: Loaded TP MacServerTargetPlatform
[2017.01.13-13.07.15:936][  0]LogTemp:Display: Loaded TP MacTargetPlatform
[2017.01.13-13.07.15:994][  0]LogTemp:Display: Loaded TP WindowsClientTargetPlatform
[2017.01.13-13.07.16:050][  0]LogTemp:Display: Loaded TP WindowsNoEditorTargetPlatform
[2017.01.13-13.07.16:109][  0]LogTemp:Display: Loaded TP WindowsServerTargetPlatform
[2017.01.13-13.07.16:164][  0]LogTemp:Display: Loaded TP WindowsTargetPlatform
[2017.01.13-13.07.16:233][  0]LogTemp:Display: Loaded TP AndroidTargetPlatform
[2017.01.13-13.07.16:287][  0]LogTemp:Display: Loaded TP Android_ASTCTargetPlatform
[2017.01.13-13.07.16:342][  0]LogTemp:Display: Loaded TP Android_ATCTargetPlatform
[2017.01.13-13.07.16:400][  0]LogTemp:Display: Loaded TP Android_DXTTargetPlatform
[2017.01.13-13.07.16:461][  0]LogTemp:Display: Loaded TP Android_ETC1TargetPlatform
[2017.01.13-13.07.16:515][  0]LogTemp:Display: Loaded TP Android_ETC2TargetPlatform
[2017.01.13-13.07.16:624][  0]LogTemp:Display: Loaded TP Android_MultiTargetPlatform
[2017.01.13-13.07.16:624][  0]LogTemp:Display: Loaded TP Android_PVRTCTargetPlatform
[2017.01.13-13.07.16:662][  0]LogTemp:Display: Loaded TP HTML5TargetPlatform
[2017.01.13-13.07.16:779][  0]LogTemp:Display: Loaded TP IOSTargetPlatform
[2017.01.13-13.07.16:813][  0]LogTemp:Display: Loaded TP TVOSTargetPlatform
[2017.01.13-13.07.16:867][  0]LogTemp:Display: Loaded TP LinuxClientTargetPlatform
[2017.01.13-13.07.16:921][  0]LogTemp:Display: Loaded TP LinuxNoEditorTargetPlatform
[2017.01.13-13.07.16:990][  0]LogTemp:Display: Loaded TP LinuxServerTargetPlatform
[2017.01.13-13.07.17:047][  0]LogTemp:Display: Loaded TP LinuxTargetPlatform
[2017.01.13-13.07.17:047][  0]LogTargetPlatformManager:Display: Building Assets For Windows
[2017.01.13-13.07.17:738][  0]LogDerivedDataCache:Display: Max Cache Size: 512 MB
[2017.01.13-13.07.18:595][  0]LogDerivedDataCache: Loaded boot cache 0.86s 50MB C:/Users/Łukasz/AppData/Local/UnrealEngine/4.14/DerivedDataCache/Boot.ddc.
[2017.01.13-13.07.18:595][  0]LogDerivedDataCache:Display: Loaded Boot cache: C:/Users/Łukasz/AppData/Local/UnrealEngine/4.14/DerivedDataCache/Boot.ddc
[2017.01.13-13.07.18:595][  0]LogDerivedDataCache: FDerivedDataBackendGraph:  Pak pak cache file ../../../../../../Users/Łukasz/Documents/Unreal Projects/MyProject/DerivedDataCache/DDC.ddp not found, will not use a pak cache.
[2017.01.13-13.07.18:595][  0]LogDerivedDataCache: Unable to find inner node Pak for hierarchical cache Hierarchy.
[2017.01.13-13.07.18:595][  0]LogDerivedDataCache: FDerivedDataBackendGraph:  CompressedPak pak cache file ../../../../../../Users/Łukasz/Documents/Unreal Projects/MyProject/DerivedDataCache/Compressed.ddp not found, will not use a pak cache.
[2017.01.13-13.07.18:595][  0]LogDerivedDataCache: Unable to find inner node CompressedPak for hierarchical cache Hierarchy.
[2017.01.13-13.07.18:694][  0]LogDerivedDataCache:Display: Pak cache opened for reading ../../../Engine/DerivedDataCache/Compressed.ddp.
[2017.01.13-13.07.18:706][  0]LogDerivedDataCache: Using Local data cache path C:/Users/Łukasz/AppData/Local/UnrealEngine/Common/DerivedDataCache: Writable
[2017.01.13-13.07.21:131][  0]LogInit: Selected Device Profile: [Windows]
[2017.01.13-13.07.21:134][  0]LogContentStreaming: Texture pool size is 0.00 MB
[2017.01.13-13.07.21:438][  0]LogMeshUtilities: Using QuadricMeshReduction for automatic static mesh reduction
[2017.01.13-13.07.21:518][  0]LogSimplygon: Simplygon DLL not present - disabling.
[2017.01.13-13.07.21:562][  0]LogMeshUtilities: Using SimplygonSwarm for distributed automatic mesh merging
[2017.01.13-13.07.21:562][  0]LogMeshUtilities: No automatic skeletal mesh reduction module available
[2017.01.13-13.07.21:562][  0]LogMeshUtilities: No automatic mesh merging module available
[2017.01.13-13.07.23:030][  0]LogNetVersion: GetLocalNetworkVersion: CL: 3195953, ProjectName: myproject, ProjectVersion: , EngineNetworkVersion: 2, GameNetworkVersion: 0, NetworkChecksum: 2754685603
[2017.01.13-13.07.23:136][  0]LogAssetRegistry: FAssetRegistry took 0.0206 seconds to start up
[2017.01.13-13.07.23:194][  0]LogPackageLocalizationCache: Processed 4 localized package path(s) for 1 prioritized culture(s) in 0.028077 seconds
[2017.01.13-13.07.23:202][  0]LogUObjectArray: 31946 objects as part of root set at end of initial load.
[2017.01.13-13.07.23:202][  0]LogUObjectAllocator: 6935840 out of 0 bytes used by permanent object pool.
[2017.01.13-13.07.23:202][  0]LogUObjectArray: CloseDisregardForGC: 0/0 objects in disregard for GC pool
[2017.01.13-13.07.23:273][  0]LogInit: WinSock: version 1.1 (2.2), MaxSocks=32767, MaxUdp=65467
[2017.01.13-13.07.25:062][  0]LogSlate: Using Freetype 2.6.0
[2017.01.13-13.07.25:141][  0]LogSlate: SlateFontCache - WITH_FREETYPE: 1, WITH_HARFBUZZ: 1
[2017.01.13-13.07.25:141][  0]LogSlate: SlateFontCache - WITH_FREETYPE: 1, WITH_HARFBUZZ: 1
[2017.01.13-13.07.51:414][  0]LogTcpMessaging: Initializing TcpMessaging bridge
[2017.01.13-13.07.51:465][  0]LogUdpMessaging: Initializing bridge on interface 0.0.0.0:0 to multicast group 230.0.0.1:6666.
[2017.01.13-13.07.52:168][  0]LogMaterial: Uniform references updated for custom material expression Custom.
[2017.01.13-13.07.52:856][  0]SourceControl: Info Source control is disabled
[2017.01.13-13.07.52:856][  0]SourceControl: Info Source control is disabled
[2017.01.13-13.07.52:923][  0]SourceControl: Info Source control is disabled
[2017.01.13-13.07.52:992][  0]SourceControl: Info Source control is disabled
[2017.01.13-13.07.54:617][  0]LogEngine: Initializing Engine...
[2017.01.13-13.07.54:618][  0]LogHMD: Failed to initialize OpenVR with code 110
[2017.01.13-13.07.55:005][  0]LogAIModule: Creating AISystem for world Untitled
[2017.01.13-13.07.55:015][  0]LogInit: XAudio2 using 'Głośniki (Realtek High Definition Audio)' : 2 channels at 48 kHz using 32 bits per sample (channel mask 0x3)
[2017.01.13-13.07.55:029][  0]LogInit: FAudioDevice initialized.
[2017.01.13-13.07.55:056][  0]LogDerivedDataCache: Saved boot cache 0.03s 50MB C:/Users/Łukasz/AppData/Local/UnrealEngine/4.14/DerivedDataCache/Boot.ddc.
[2017.01.13-13.07.55:063][  0]LogInit: Texture streaming: Enabled
[2017.01.13-13.07.55:259][  0]LogInit: Transaction tracking system initialized
[2017.01.13-13.07.55:594][  0]BlueprintLog: New page: Editor Load
[2017.01.13-13.07.56:498][  0]LocalizationService: Info Localization service is disabled
[2017.01.13-13.07.57:346][  0]LogConsoleResponse:Display: 
[2017.01.13-13.07.59:784][  0]LogCook:Display: Max memory allowance for cook 16384mb min free memory 0mb
[2017.01.13-13.07.59:784][  0]LogCook:Display: Mobile HDR setting 1
[2017.01.13-13.08.00:919][  0]LogFileCache: Scanning file cache for directory 'C:/Users/Łukasz/Documents/Unreal Projects/MyProject/Content/' took 0.02s
[2017.01.13-13.08.01:934][  0]SourceControl: Info Source control is disabled
[2017.01.13-13.08.01:934][  0]Cmd: MAP LOAD FILE="../../../../../../Users/Łukasz/Documents/Unreal Projects/MyProject/Content/ThirdPersonBP/Maps/ThirdPersonExampleMap.umap" TEMPLATE=0 SHOWPROGRESS=1 FEATURELEVEL=3
[2017.01.13-13.08.01:935][  0]LightingResults: New page: Lighting Build
[2017.01.13-13.08.01:989][  0]MapCheck: New page: Map Check
[2017.01.13-13.08.01:989][  0]LightingResults: New page: Lighting Build
[2017.01.13-13.08.06:424][  0]LogAIModule: Creating AISystem for world ThirdPersonExampleMap
[2017.01.13-13.08.06:489][  0]LogEditorServer: Finished looking for orphan Actors (0.000 secs)
[2017.01.13-13.08.06:490][  0]Cmd: MAP CHECKDEP NOCLEARLOG
[2017.01.13-13.08.06:531][  0]MapCheck: Info Map check complete: 0 Error(s), 0 Warning(s), took 41.436ms to complete.
[2017.01.13-13.08.06:531][  0]LogFileHelpers: Loading map 'ThirdPersonExampleMap' took 4.598
[2017.01.13-13.08.06:725][  0]LogCollectionManager: Loaded 0 collections in 0.001610 seconds
[2017.01.13-13.08.06:787][  0]LogFileCache: Scanning file cache for directory 'C:/Users/Łukasz/Documents/Unreal Projects/MyProject/Saved/Collections/' took 0.01s
[2017.01.13-13.08.06:787][  0]LogFileCache: Scanning file cache for directory 'C:/Users/Łukasz/Documents/Unreal Projects/MyProject/Content/Developers/Łukasz/Collections/' took 0.00s
[2017.01.13-13.08.06:787][  0]LogFileCache: Scanning file cache for directory 'C:/Users/Łukasz/Documents/Unreal Projects/MyProject/Content/Collections/' took 0.00s
[2017.01.13-13.08.06:787][  0]LogCollectionManager: Rebuilt the GUID cache for 0 collections in 0.000002 seconds
[2017.01.13-13.08.06:796][  0]LogContentBrowser: Native class hierarchy populated in 0.0091 seconds. Added 2215 classes and 437 folders.
[2017.01.13-13.08.06:841][  0]LogStats: UGameplayTagsManager::ConstructGameplayTagTree: Construct from data asset -  0.000 s
[2017.01.13-13.08.06:841][  0]LogStats: UGameplayTagsManager::ConstructGameplayTagTree: GameplayTagTreeChangedEvent.Broadcast -  0.000 s
[2017.01.13-13.08.06:842][  0]LogContentBrowser: Native class hierarchy updated for 'GameplayTags' in 0.0006 seconds. Added 13 classes and 0 folders.
[2017.01.13-13.08.06:917][  0]LogContentBrowser: Native class hierarchy updated for 'WidgetCarousel' in 0.0005 seconds. Added 0 classes and 0 folders.
[2017.01.13-13.08.08:868][  0]LogContentBrowser: Native class hierarchy updated for 'AddContentDialog' in 0.0005 seconds. Added 0 classes and 0 folders.
[2017.01.13-13.08.08:919][  0]LogContentBrowser: Native class hierarchy updated for 'SceneOutliner' in 0.0005 seconds. Added 1 classes and 2 folders.
[2017.01.13-13.08.08:962][  0]LogCrashTracker: Crashtracker disabled due to settings.
[2017.01.13-13.08.08:966][  0]LogUObjectGlobals:Warning: Failed to find object 'Class None.'
[2017.01.13-13.08.09:046][  0]LogContentBrowser: Native class hierarchy updated for 'HierarchicalLODOutliner' in 0.0007 seconds. Added 1 classes and 2 folders.
[2017.01.13-13.08.09:046][  0]LogLoad: (Engine Initialization) Total time: 64.01 seconds
[2017.01.13-13.08.09:046][  0]LogLoad: (Engine Initialization) Total Blueprint compile time: 0.36 seconds
[2017.01.13-13.08.09:046][  0]LogExternalProfiler: Found external profiler: VSPerf
[2017.01.13-13.08.09:046][  0]LogExternalProfiler: Using external profiler: VSPerf
[2017.01.13-13.08.09:385][  0]LogOcInput: OculusInput pre-init called
[2017.01.13-13.08.09:407][  0]LogContentStreaming: Texture pool size now 1000 MB
[2017.01.13-13.08.09:764][  0]LogRenderer: Reallocating scene render targets to support 1208x576 NumSamples 1 (Frame:2).
[2017.01.13-13.08.10:207][  2]LogAssetRegistry: Asset discovery search completed in 47.0925 seconds
[2017.01.13-13.08.10:208][  2]LogCollectionManager: Rebuilt the object cache for 0 collections in 0.000001 seconds (found 0 objects)
[2017.01.13-13.08.10:208][  2]LogCollectionManager: Fixed up redirectors for 0 collections in 0.000018 seconds (updated 0 objects)
[2017.01.13-13.10.45:355][748]LogContentBrowser: Native class hierarchy updated for 'BlueprintGraph' in 0.0010 seconds. Added 111 classes and 0 folders.
[2017.01.13-13.13.17:114][475]LogSlate:Warning: Prevented a slow task dialog from being summoned while a context menu was open
[2017.01.13-13.16.24:524][306]BlueprintLog: New page: Collapse to Function
[2017.01.13-13.16.38:741][107]LogEditorTransaction: Undo Collapses selected nodes into a single node
[2017.01.13-13.17.05:325][358]BlueprintLog: New page: Collapse to Function
[2017.01.13-13.17.05:999][421]LogEditorTransaction: Undo Collapses selected nodes into a single node
[2017.01.13-13.17.10:791][914]BlueprintLog: New page: Collapse to Function
[2017.01.13-13.17.11:479][976]LogEditorTransaction: Undo Collapses selected nodes into a single node
[2017.01.13-13.17.21:127][746]BlueprintLog: New page: Collapse to Function
[2017.01.13-13.17.27:666][ 25]LogEditorTransaction: Undo Collapses selected nodes into a single node
[2017.01.13-13.17.34:054][673]BlueprintLog: New page: Collapse to Function
[2017.01.13-13.18.14:443][568]BlueprintLog: New page: Compile UI_Inventory
[2017.01.13-13.18.15:175][598]Cmd: OBJ SAVEPACKAGE PACKAGE="/Game/UI/UI_Inventory" FILE="../../../../../../Users/Łukasz/Documents/Unreal Projects/MyProject/Content/UI/UI_Inventory.uasset" SILENT=true
[2017.01.13-13.18.15:209][598]LogSavePackage: Save=16.70ms
[2017.01.13-13.18.15:209][598]LogSavePackage: Moving '../../../../../../Users/Łukasz/Documents/Unreal Projects/MyProject/Saved/UI_Inventory0E8306DD4441CD51F2BA97B6BBCE8A26.tmp' to '../../../../../../Users/Łukasz/Documents/Unreal Projects/MyProject/Content/UI/UI_Inventory.uasset'
[2017.01.13-13.18.15:212][598]LogSavePackage:Display: Finished SavePackage ../../../../../../Users/Łukasz/Documents/Unreal Projects/MyProject/Content/UI/UI_Inventory.uasset
[2017.01.13-13.22.59:076][114]LogFileHelpers: Editor autosave (incl. sublevels) for '/Game/ThirdPersonBP/Maps/ThirdPersonExampleMap' took 0.022
[2017.01.13-13.22.59:094][114]OBJ SavePackage: Generating thumbnails for [0] asset(s) in package [/Game/UI/UI_Inventory] ([1] browsable assets)...
[2017.01.13-13.22.59:094][114]OBJ SavePackage: Finished generating thumbnails for package [/Game/UI/UI_Inventory]
[2017.01.13-13.22.59:138][114]LogSavePackage: Save=25.77ms
[2017.01.13-13.22.59:138][114]LogSavePackage: Moving '../../../../../../Users/Łukasz/Documents/Unreal Projects/MyProject/Saved/UI_Inventory_Auto176BF93D24B40F6A52C4A59ADEFB7CC28.tmp' to '../../../../../../Users/Łukasz/Documents/Unreal Projects/MyProject/Saved/Autosaves/Game/UI/UI_Inventory_Auto1.uasset'
[2017.01.13-13.22.59:203][114]LogSavePackage:Display: Finished SavePackage ../../../../../../Users/Łukasz/Documents/Unreal Projects/MyProject/Saved/Autosaves/Game/UI/UI_Inventory_Auto1.uasset
[2017.01.13-13.22.59:203][114]LogFileHelpers: Auto-saving content packages took 0.126
[2017.01.13-13.24.13:233][772]BlueprintLog: New page: Compile UI_Inventory
[2017.01.13-13.24.13:811][807]Cmd: OBJ SAVEPACKAGE PACKAGE="/Game/UI/UI_Inventory" FILE="../../../../../../Users/Łukasz/Documents/Unreal Projects/MyProject/Content/UI/UI_Inventory.uasset" SILENT=true
[2017.01.13-13.24.13:844][807]LogSavePackage: Save=24.01ms
[2017.01.13-13.24.13:844][807]LogSavePackage: Moving '../../../../../../Users/Łukasz/Documents/Unreal Projects/MyProject/Saved/UI_Inventory7EA99F6B440B5948C3426384C1012507.tmp' to '../../../../../../Users/Łukasz/Documents/Unreal Projects/MyProject/Content/UI/UI_Inventory.uasset'
[2017.01.13-13.24.13:847][807]LogSavePackage:Display: Finished SavePackage ../../../../../../Users/Łukasz/Documents/Unreal Projects/MyProject/Content/UI/UI_Inventory.uasset
[2017.01.13-13.24.50:396][ 97]Cmd: OBJ SAVEPACKAGE PACKAGE="/Game/Interactibles/FItemInfo" FILE="../../../../../../Users/Łukasz/Documents/Unreal Projects/MyProject/Content/Interactibles/FItemInfo.uasset" SILENT=true
[2017.01.13-13.24.50:406][ 97]LogSavePackage: Save=2.10ms
[2017.01.13-13.24.50:406][ 97]LogSavePackage: Moving '../../../../../../Users/Łukasz/Documents/Unreal Projects/MyProject/Saved/FItemInfo5E6614C0410DE1859D93688CEDD2F2D3.tmp' to '../../../../../../Users/Łukasz/Documents/Unreal Projects/MyProject/Content/Interactibles/FItemInfo.uasset'
[2017.01.13-13.24.50:410][ 97]LogSavePackage:Display: Finished SavePackage ../../../../../../Users/Łukasz/Documents/Unreal Projects/MyProject/Content/Interactibles/FItemInfo.uasset
[2017.01.13-13.27.21:608][382]BlueprintLog: New page: Collapse to Function
[2017.01.13-13.28.13:818][562]BlueprintLog: New page: Compile UI_Inventory
[2017.01.13-13.28.13:884][562]LogBlueprint:Error: [Compiler CH_mycharacter] Error Event node  K2Node_Event_129  is out-of-date.  Please refresh it.
[2017.01.13-13.28.13:892][562]LogBlueprint:Error: [Compiler CH_mycharacter] Error Invalid property 'K2Node_Event_ItemInfo' structure 'STRUCT_REINST_FItemInfo_0' error: Struct 'UserDefinedStruct /Engine/Transient.STRUCT_REINST_FItemInfo_0' is not compiled
[2017.01.13-13.28.13:892][562]LogBlueprint:Error: [Compiler CH_mycharacter] Error Failed to create property K2Node_Event_ItemInfo from  <None>  due to a bad or unknown type (STRUCT REINST FItem Info 0 Structure)
[2017.01.13-13.28.13:892][562]LogBlueprint:Error: [Compiler CH_mycharacter] Error The property associated with  ItemInfo  could not be found
[2017.01.13-13.28.13:892][562]LogBlueprint:Error: [Compiler CH_mycharacter] Error ICE SetVariableOnPersistentFrame - No property found.  ItemInfo
[2017.01.13-13.28.13:892][562]LogBlueprint:Error: [Compiler CH_mycharacter] Error Invalid property 'ItemInfo' structure 'STRUCT_REINST_FItemInfo_0' error: Struct 'UserDefinedStruct /Engine/Transient.STRUCT_REINST_FItemInfo_0' is not compiled
[2017.01.13-13.28.13:892][562]LogBlueprint:Error: [Compiler CH_mycharacter] Error Failed to create property ItemInfo from  <None>  due to a bad or unknown type (STRUCT REINST FItem Info 0 Structure)
[2017.01.13-13.28.13:892][562]LogBlueprint:Error: [Compiler CH_mycharacter] Error Cannot order parameters ItemInfo in function UseItem.
[2017.01.13-13.28.13:892][562]LogBlueprint:Error: [Compiler CH_mycharacter] Error Invalid property 'ItemInfo' structure 'STRUCT_REINST_FItemInfo_0' error: Struct 'UserDefinedStruct /Engine/Transient.STRUCT_REINST_FItemInfo_0' is not compiled
[2017.01.13-13.28.13:892][562]LogBlueprint:Error: [Compiler CH_mycharacter] Error Failed to create property ItemInfo from  <None>  due to a bad or unknown type (STRUCT REINST FItem Info 0 Structure)
[2017.01.13-13.28.13:892][562]LogBlueprint:Error: [Compiler CH_mycharacter] Error Cannot order parameters ItemInfo in function Pickup.
[2017.01.13-13.28.14:519][586]Cmd: OBJ SAVEPACKAGE PACKAGE="/Game/UI/UI_Inventory" FILE="../../../../../../Users/Łukasz/Documents/Unreal Projects/MyProject/Content/UI/UI_Inventory.uasset" SILENT=true
[2017.01.13-13.28.14:562][586]LogSavePackage: Save=27.03ms
[2017.01.13-13.28.14:562][586]LogSavePackage: Moving '../../../../../../Users/Łukasz/Documents/Unreal Projects/MyProject/Saved/UI_InventoryFE8BCDAA4E00BFDDEAE61393C962039F.tmp' to '../../../../../../Users/Łukasz/Documents/Unreal Projects/MyProject/Content/UI/UI_Inventory.uasset'
[2017.01.13-13.28.14:566][586]LogSavePackage:Display: Finished SavePackage ../../../../../../Users/Łukasz/Documents/Unreal Projects/MyProject/Content/UI/UI_Inventory.uasset
[2017.01.13-13.32.27:417][828]BlueprintLog: New page: Collapse to Function
[2017.01.13-13.32.40:619][540]BlueprintLog: New page: Compile UI_Inventory
[2017.01.13-13.32.40:690][540]LogBlueprint:Error: [Compiler CH_mycharacter] Error Event node  K2Node_Event_129  is out-of-date.  Please refresh it.
[2017.01.13-13.32.40:698][540]LogBlueprint:Error: [Compiler CH_mycharacter] Error Invalid property 'K2Node_Event_ItemInfo' structure 'STRUCT_REINST_FItemInfo_0' error: Struct 'UserDefinedStruct /Engine/Transient.STRUCT_REINST_FItemInfo_0' is not compiled
[2017.01.13-13.32.40:698][540]LogBlueprint:Error: [Compiler CH_mycharacter] Error Failed to create property K2Node_Event_ItemInfo from  <None>  due to a bad or unknown type (STRUCT REINST FItem Info 0 Structure)
[2017.01.13-13.32.40:698][540]LogBlueprint:Error: [Compiler CH_mycharacter] Error The property associated with  ItemInfo  could not be found
[2017.01.13-13.32.40:698][540]LogBlueprint:Error: [Compiler CH_mycharacter] Error ICE SetVariableOnPersistentFrame - No property found.  ItemInfo
[2017.01.13-13.32.40:698][540]LogBlueprint:Error: [Compiler CH_mycharacter] Error Invalid property 'ItemInfo' structure 'STRUCT_REINST_FItemInfo_0' error: Struct 'UserDefinedStruct /Engine/Transient.STRUCT_REINST_FItemInfo_0' is not compiled
[2017.01.13-13.32.40:698][540]LogBlueprint:Error: [Compiler CH_mycharacter] Error Failed to create property ItemInfo from  <None>  due to a bad or unknown type (STRUCT REINST FItem Info 0 Structure)
[2017.01.13-13.32.40:698][540]LogBlueprint:Error: [Compiler CH_mycharacter] Error Cannot order parameters ItemInfo in function UseItem.
[2017.01.13-13.32.40:698][540]LogBlueprint:Error: [Compiler CH_mycharacter] Error Invalid property 'ItemInfo' structure 'STRUCT_REINST_FItemInfo_0' error: Struct 'UserDefinedStruct /Engine/Transient.STRUCT_REINST_FItemInfo_0' is not compiled
[2017.01.13-13.32.40:698][540]LogBlueprint:Error: [Compiler CH_mycharacter] Error Failed to create property ItemInfo from  <None>  due to a bad or unknown type (STRUCT REINST FItem Info 0 Structure)
[2017.01.13-13.32.40:698][540]LogBlueprint:Error: [Compiler CH_mycharacter] Error Cannot order parameters ItemInfo in function Pickup.
[2017.01.13-13.32.41:227][564]Cmd: OBJ SAVEPACKAGE PACKAGE="/Game/UI/UI_Inventory" FILE="../../../../../../Users/Łukasz/Documents/Unreal Projects/MyProject/Content/UI/UI_Inventory.uasset" SILENT=true
[2017.01.13-13.32.41:275][564]LogSavePackage: Save=30.73ms
[2017.01.13-13.32.41:275][564]LogSavePackage: Moving '../../../../../../Users/Łukasz/Documents/Unreal Projects/MyProject/Saved/UI_Inventory51BBADDB4103CBCEFC1ACC910550CBD5.tmp' to '../../../../../../Users/Łukasz/Documents/Unreal Projects/MyProject/Content/UI/UI_Inventory.uasset'
[2017.01.13-13.32.41:349][564]LogSavePackage:Display: Finished SavePackage ../../../../../../Users/Łukasz/Documents/Unreal Projects/MyProject/Content/UI/UI_Inventory.uasset
[2017.01.13-13.33.06:623][ 52]LogSavePackage: Save=113.63ms
[2017.01.13-13.33.06:623][ 52]LogSavePackage: Moving '../../../../../../Users/Łukasz/Documents/Unreal Projects/MyProject/Saved/ThirdPersonExampleMap_Auto2B45795D54835C6BE5121FF8712CDA6DD.tmp' to '../../../../../../Users/Łukasz/Documents/Unreal Projects/MyProject/Saved/Autosaves/Game/ThirdPersonBP/Maps/ThirdPersonExampleMap_Auto2.umap'
[2017.01.13-13.33.06:626][ 52]LogSavePackage:Display: Finished SavePackage ../../../../../../Users/Łukasz/Documents/Unreal Projects/MyProject/Saved/Autosaves/Game/ThirdPersonBP/Maps/ThirdPersonExampleMap_Auto2.umap
[2017.01.13-13.33.06:628][ 52]LogFileHelpers: Editor autosave (incl. sublevels) for '/Game/ThirdPersonBP/Maps/ThirdPersonExampleMap' took 0.173
[2017.01.13-13.33.06:628][ 52]LogFileHelpers: Editor autosave (incl. sublevels) for all levels took 0.173
[2017.01.13-13.33.06:631][ 52]OBJ SavePackage: Generating thumbnails for [1] asset(s) in package [/Game/Characters/Player/CH_mycharacter] ([1] browsable assets)...
[2017.01.13-13.33.06:675][ 52]OBJ SavePackage:     Rendered thumbnail for [Blueprint /Game/Characters/Player/CH_mycharacter.CH_mycharacter]
[2017.01.13-13.33.06:675][ 52]OBJ SavePackage: Finished generating thumbnails for package [/Game/Characters/Player/CH_mycharacter]
[2017.01.13-13.33.06:766][ 52]LogSavePackage: Save=80.22ms
[2017.01.13-13.33.06:766][ 52]LogSavePackage: Moving '../../../../../../Users/Łukasz/Documents/Unreal Projects/MyProject/Saved/CH_mycharacter_Auto2085C0E44400527CAB7F773971A6E926E.tmp' to '../../../../../../Users/Łukasz/Documents/Unreal Projects/MyProject/Saved/Autosaves/Game/Characters/Player/CH_mycharacter_Auto2.uasset'
[2017.01.13-13.33.06:782][ 52]LogSavePackage:Display: Finished SavePackage ../../../../../../Users/Łukasz/Documents/Unreal Projects/MyProject/Saved/Autosaves/Game/Characters/Player/CH_mycharacter_Auto2.uasset
[2017.01.13-13.33.06:784][ 52]OBJ SavePackage: Generating thumbnails for [0] asset(s) in package [/Game/Interactibles/BP_BaseInteractable] ([1] browsable assets)...
[2017.01.13-13.33.06:784][ 52]OBJ SavePackage: Finished generating thumbnails for package [/Game/Interactibles/BP_BaseInteractable]
[2017.01.13-13.33.06:805][ 52]LogSavePackage: Save=12.78ms
[2017.01.13-13.33.06:805][ 52]LogSavePackage: Moving '../../../../../../Users/Łukasz/Documents/Unreal Projects/MyProject/Saved/BP_BaseInteractable_Auto26672B7EC489EB225D0CB0C8E9D855B5B.tmp' to '../../../../../../Users/Łukasz/Documents/Unreal Projects/MyProject/Saved/Autosaves/Game/Interactibles/BP_BaseInteractable_Auto2.uasset'
[2017.01.13-13.33.06:831][ 52]LogSavePackage:Display: Finished SavePackage ../../../../../../Users/Łukasz/Documents/Unreal Projects/MyProject/Saved/Autosaves/Game/Interactibles/BP_BaseInteractable_Auto2.uasset
[2017.01.13-13.33.06:834][ 52]OBJ SavePackage: Generating thumbnails for [0] asset(s) in package [/Game/Interactibles/BP_BaseItem] ([1] browsable assets)...
[2017.01.13-13.33.06:834][ 52]OBJ SavePackage: Finished generating thumbnails for package [/Game/Interactibles/BP_BaseItem]
[2017.01.13-13.33.06:853][ 52]LogSavePackage: Save=10.67ms
[2017.01.13-13.33.06:853][ 52]LogSavePackage: Moving '../../../../../../Users/Łukasz/Documents/Unreal Projects/MyProject/Saved/BP_BaseItem_Auto2825A43FA432066BDC65A6D909AE52EFC.tmp' to '../../../../../../Users/Łukasz/Documents/Unreal Projects/MyProject/Saved/Autosaves/Game/Interactibles/BP_BaseItem_Auto2.uasset'
[2017.01.13-13.33.06:855][ 52]LogSavePackage:Display: Finished SavePackage ../../../../../../Users/Łukasz/Documents/Unreal Projects/MyProject/Saved/Autosaves/Game/Interactibles/BP_BaseItem_Auto2.uasset
[2017.01.13-13.33.06:856][ 52]OBJ SavePackage: Generating thumbnails for [0] asset(s) in package [/Game/Interactibles/BPI_Interact] ([1] browsable assets)...
[2017.01.13-13.33.06:856][ 52]OBJ SavePackage: Finished generating thumbnails for package [/Game/Interactibles/BPI_Interact]
[2017.01.13-13.33.06:869][ 52]LogSavePackage: Save=4.54ms
[2017.01.13-13.33.06:869][ 52]LogSavePackage: Moving '../../../../../../Users/Łukasz/Documents/Unreal Projects/MyProject/Saved/BPI_Interact_Auto2D4CA02E1410176EFD84F388284EFC65B.tmp' to '../../../../../../Users/Łukasz/Documents/Unreal Projects/MyProject/Saved/Autosaves/Game/Interactibles/BPI_Interact_Auto2.uasset'
[2017.01.13-13.33.06:871][ 52]LogSavePackage:Display: Finished SavePackage ../../../../../../Users/Łukasz/Documents/Unreal Projects/MyProject/Saved/Autosaves/Game/Interactibles/BPI_Interact_Auto2.uasset
[2017.01.13-13.33.06:873][ 52]OBJ SavePackage: Generating thumbnails for [0] asset(s) in package [/Game/UI/UI_inventoryitem] ([1] browsable assets)...
[2017.01.13-13.33.06:873][ 52]OBJ SavePackage: Finished generating thumbnails for package [/Game/UI/UI_inventoryitem]
[2017.01.13-13.33.06:888][ 52]LogSavePackage: Save=5.78ms
[2017.01.13-13.33.06:888][ 52]LogSavePackage: Moving '../../../../../../Users/Łukasz/Documents/Unreal Projects/MyProject/Saved/UI_inventoryitem_Auto2DFD3480342A5979E74F10688337EAAA4.tmp' to '../../../../../../Users/Łukasz/Documents/Unreal Projects/MyProject/Saved/Autosaves/Game/UI/UI_inventoryitem_Auto2.uasset'
[2017.01.13-13.33.06:890][ 52]LogSavePackage:Display: Finished SavePackage ../../../../../../Users/Łukasz/Documents/Unreal Projects/MyProject/Saved/Autosaves/Game/UI/UI_inventoryitem_Auto2.uasset
[2017.01.13-13.33.06:891][ 52]LogFileHelpers: Auto-saving content packages took 0.262
[2017.01.13-13.37.47:893][167]BlueprintLog: New page: Compile UI_inventoryitem
[2017.01.13-13.37.48:445][211]Cmd: OBJ SAVEPACKAGE PACKAGE="/Game/UI/UI_inventoryitem" FILE="../../../../../../Users/Łukasz/Documents/Unreal Projects/MyProject/Content/UI/UI_inventoryitem.uasset" SILENT=true
[2017.01.13-13.37.48:471][211]LogSavePackage: Save=11.18ms
[2017.01.13-13.37.48:471][211]LogSavePackage: Moving '../../../../../../Users/Łukasz/Documents/Unreal Projects/MyProject/Saved/UI_inventoryitem43256A524E5A2F42AC73419BB01A248E.tmp' to '../../../../../../Users/Łukasz/Documents/Unreal Projects/MyProject/Content/UI/UI_inventoryitem.uasset'
[2017.01.13-13.37.48:483][211]LogSavePackage:Display: Finished SavePackage ../../../../../../Users/Łukasz/Documents/Unreal Projects/MyProject/Content/UI/UI_inventoryitem.uasset
[2017.01.13-13.39.35:543][690]UATHelper: Zip Project Task (Windows): Running AutomationTool...
[2017.01.13-13.39.36:208][692]UATHelper: Zip Project Task (Windows): Automation.ParseCommandLine: Parsing command line: ZipProjectUp -nocompile -nocompileeditor -project="C:/Users/?ukasz/Documents/Unreal Projects/MyProject/" -install=C:/Users/?ukasz/Desktop/GraPreAlpha/MyProject.zip
[2017.01.13-13.39.36:208][692]UATHelper: Zip Project Task (Windows): Automation.Process: Setting up command environment.
[2017.01.13-13.39.37:539][696]UATHelper: Zip Project Task (Windows): ZipProjectUp.ExecuteBuild: Started zipping project up
[2017.01.13-13.39.37:539][696]UATHelper: Zip Project Task (Windows): ZipProjectUp.ExecuteBuild: Project directory: C:\Users\?ukasz\Documents\Unreal Projects\MyProject
[2017.01.13-13.39.37:539][696]UATHelper: Zip Project Task (Windows): ZipProjectUp.ExecuteBuild: Install directory: C:/Users/?ukasz/Desktop/GraPreAlpha/MyProject.zip
[2017.01.13-13.39.37:539][696]UATHelper: Zip Project Task (Windows): ZipProjectUp.ExecuteBuild: Packaging up the project...
[2017.01.13-13.39.38:857][803]LogSavePackage: Save=217.30ms
[2017.01.13-13.39.38:857][803]LogSavePackage: Moving '../../../../../../Users/Łukasz/Documents/Unreal Projects/MyProject/Saved/ThirdPersonExampleMap72D9856148E2897B4068C2911C7D4383.tmp' to '../../../../../../Users/Łukasz/Documents/Unreal Projects/MyProject/Content/ThirdPersonBP/Maps/ThirdPersonExampleMap.umap'
[2017.01.13-13.39.38:862][803]LogSavePackage:Display: Finished SavePackage ../../../../../../Users/Łukasz/Documents/Unreal Projects/MyProject/Content/ThirdPersonBP/Maps/ThirdPersonExampleMap.umap
[2017.01.13-13.39.39:685][803]LogSavePackage: Save=192.14ms
[2017.01.13-13.39.39:685][803]LogSavePackage: Moving '../../../../../../Users/Łukasz/Documents/Unreal Projects/MyProject/Saved/ThirdPersonExampleMap_BuiltData24B821D0476EC709FE7A7CA249BB45FE.tmp' to '../../../../../../Users/Łukasz/Documents/Unreal Projects/MyProject/Content/ThirdPersonBP/Maps/ThirdPersonExampleMap_BuiltData.uasset'
[2017.01.13-13.39.39:687][803]LogSavePackage:Display: Finished SavePackage ../../../../../../Users/Łukasz/Documents/Unreal Projects/MyProject/Content/ThirdPersonBP/Maps/ThirdPersonExampleMap_BuiltData.uasset
[2017.01.13-13.42.11:256][  7]LogMaterial: Uniform references updated for custom material expression Custom.
[2017.01.13-13.42.11:294][  7]LogMaterial: Uniform references updated for custom material expression TemporalAA SampleID.
[2017.01.13-13.42.11:868][  7]LogTexture:Display: Building textures: HDRI_Epic_Courtyard_Daylight (RGBA16F)
[2017.01.13-13.42.19:012][  7]LogStaticMesh: Building static mesh HillTree_02...
