Log file open, 01/12/17 16:05:17
LogInit:Display: Running engine for game: MyProject
LogPlatformFile: Not using cached read wrapper
LogInit:Display: RandInit(1171113095) SRandInit(1171113095).
LogTaskGraph: Started task graph with 5 named threads and 8 total threads with 1 sets of task threads.
LogStats: Stats thread started at 0.072921
LogPluginManager: Loaded Plugin Paper2D, From C:/Program Files (x86)/Epic Games/4.14/Engine/Plugins/2D/Paper2D/Paper2D.uplugin
LogPluginManager: Loaded Plugin LightPropagationVolume, From C:/Program Files (x86)/Epic Games/4.14/Engine/Plugins/Blendables/LightPropagationVolume/LightPropagationVolume.uplugin
LogPluginManager: Loaded Plugin BlankPlugin, From C:/Program Files (x86)/Epic Games/4.14/Engine/Plugins/Developer/BlankPlugin/BlankPlugin.uplugin
LogPluginManager: Loaded Plugin CodeLiteSourceCodeAccess, From C:/Program Files (x86)/Epic Games/4.14/Engine/Plugins/Developer/CodeLiteSourceCodeAccess/CodeLiteSourceCodeAccess.uplugin
LogPluginManager: Loaded Plugin GitSourceControl, From C:/Program Files (x86)/Epic Games/4.14/Engine/Plugins/Developer/GitSourceControl/GitSourceControl.uplugin
LogPluginManager: Loaded Plugin KDevelopSourceCodeAccess, From C:/Program Files (x86)/Epic Games/4.14/Engine/Plugins/Developer/KDevelopSourceCodeAccess/KDevelopSourceCodeAccess.uplugin
LogPluginManager: Loaded Plugin NullSourceCodeAccess, From C:/Program Files (x86)/Epic Games/4.14/Engine/Plugins/Developer/NullSourceCodeAccess/NullSourceCodeAccess.uplugin
LogPluginManager: Loaded Plugin OneSkyLocalizationService, From C:/Program Files (x86)/Epic Games/4.14/Engine/Plugins/Developer/OneSkyLocalizationService/OneSkyLocalizationService.uplugin
LogPluginManager: Loaded Plugin PerforceSourceControl, From C:/Program Files (x86)/Epic Games/4.14/Engine/Plugins/Developer/PerforceSourceControl/PerforceSourceControl.uplugin
LogPluginManager: Loaded Plugin SubversionSourceControl, From C:/Program Files (x86)/Epic Games/4.14/Engine/Plugins/Developer/SubversionSourceControl/SubversionSourceControl.uplugin
LogPluginManager: Loaded Plugin UObjectPlugin, From C:/Program Files (x86)/Epic Games/4.14/Engine/Plugins/Developer/UObjectPlugin/UObjectPlugin.uplugin
LogPluginManager: Loaded Plugin VisualStudioSourceCodeAccess, From C:/Program Files (x86)/Epic Games/4.14/Engine/Plugins/Developer/VisualStudioSourceCodeAccess/VisualStudioSourceCodeAccess.uplugin
LogPluginManager: Loaded Plugin XCodeSourceCodeAccess, From C:/Program Files (x86)/Epic Games/4.14/Engine/Plugins/Developer/XCodeSourceCodeAccess/XCodeSourceCodeAccess.uplugin
LogPluginManager: Loaded Plugin AudioCapture, From C:/Program Files (x86)/Epic Games/4.14/Engine/Plugins/Editor/AudioCapture/AudioCapture.uplugin
LogPluginManager: Loaded Plugin EpicSurvey, From C:/Program Files (x86)/Epic Games/4.14/Engine/Plugins/Editor/EpicSurvey/EpicSurvey.uplugin
LogPluginManager: Loaded Plugin MacGraphicsSwitching, From C:/Program Files (x86)/Epic Games/4.14/Engine/Plugins/Editor/MacGraphicsSwitching/MacGraphicsSwitching.uplugin
LogPluginManager: Loaded Plugin MobileLauncherProfileWizard, From C:/Program Files (x86)/Epic Games/4.14/Engine/Plugins/Editor/MobileLauncherProfileWizard/MobileLauncherProfileWizard.uplugin
LogPluginManager: Loaded Plugin PluginBrowser, From C:/Program Files (x86)/Epic Games/4.14/Engine/Plugins/Editor/PluginBrowser/PluginBrowser.uplugin
LogPluginManager: Loaded Plugin SpeedTreeImporter, From C:/Program Files (x86)/Epic Games/4.14/Engine/Plugins/Editor/SpeedTreeImporter/SpeedTreeImporter.uplugin
LogPluginManager: Loaded Plugin SuperSearchEditor, From C:/Program Files (x86)/Epic Games/4.14/Engine/Plugins/Editor/SuperSearchEditor/SuperSearchEditor.uplugin
LogPluginManager: Loaded Plugin AlembicImporter, From C:/Program Files (x86)/Epic Games/4.14/Engine/Plugins/Experimental/AlembicImporter/AlembicImporter.uplugin
LogPluginManager: Loaded Plugin BlueprintStats, From C:/Program Files (x86)/Epic Games/4.14/Engine/Plugins/Experimental/BlueprintStats/BlueprintStats.uplugin
LogPluginManager: Loaded Plugin CharacterAI, From C:/Program Files (x86)/Epic Games/4.14/Engine/Plugins/Experimental/CharacterAI/CharacterAI.uplugin
LogPluginManager: Loaded Plugin CodeEditor, From C:/Program Files (x86)/Epic Games/4.14/Engine/Plugins/Experimental/CodeEditor/CodeEditor.uplugin
LogPluginManager: Loaded Plugin CodeView, From C:/Program Files (x86)/Epic Games/4.14/Engine/Plugins/Experimental/CodeView/CodeView.uplugin
LogPluginManager: Loaded Plugin HTML5Networking, From C:/Program Files (x86)/Epic Games/4.14/Engine/Plugins/Experimental/HTML5Networking/HTML5Networking.uplugin
LogPluginManager: Loaded Plugin OSVR, From C:/Program Files (x86)/Epic Games/4.14/Engine/Plugins/Experimental/OSVR/OSVR.uplugin
LogPluginManager: Loaded Plugin Phya, From C:/Program Files (x86)/Epic Games/4.14/Engine/Plugins/Experimental/Phya/Phya.uplugin
LogPluginManager: Loaded Plugin SignificanceManager, From C:/Program Files (x86)/Epic Games/4.14/Engine/Plugins/Experimental/SignificanceManager/SignificanceManager.uplugin
LogPluginManager: Loaded Plugin SimpleHMD, From C:/Program Files (x86)/Epic Games/4.14/Engine/Plugins/Experimental/SimpleHMD/SimpleHMD.uplugin
LogPluginManager: Loaded Plugin StereoPanorama, From C:/Program Files (x86)/Epic Games/4.14/Engine/Plugins/Experimental/StereoPanorama/StereoPanorama.uplugin
LogPluginManager: Loaded Plugin StructBox, From C:/Program Files (x86)/Epic Games/4.14/Engine/Plugins/Experimental/StructBox/StructBox.uplugin
LogPluginManager: Loaded Plugin LowEntryExtStdLib, From C:/Program Files (x86)/Epic Games/4.14/Engine/Plugins/Marketplace/LowEntryExtStdLib/LowEntryExtStdLib.uplugin
LogPluginManager: Loaded Plugin AndroidMedia, From C:/Program Files (x86)/Epic Games/4.14/Engine/Plugins/Media/AndroidMedia/AndroidMedia.uplugin
LogPluginManager: Loaded Plugin AvfMedia, From C:/Program Files (x86)/Epic Games/4.14/Engine/Plugins/Media/AvfMedia/AvfMedia.uplugin
LogPluginManager: Loaded Plugin MediaPlayerEditor, From C:/Program Files (x86)/Epic Games/4.14/Engine/Plugins/Media/MediaPlayerEditor/MediaPlayerEditor.uplugin
LogPluginManager: Loaded Plugin WmfMedia, From C:/Program Files (x86)/Epic Games/4.14/Engine/Plugins/Media/WmfMedia/WmfMedia.uplugin
LogPluginManager: Loaded Plugin MessagingDebugger, From C:/Program Files (x86)/Epic Games/4.14/Engine/Plugins/Messaging/MessagingDebugger/MessagingDebugger.uplugin
LogPluginManager: Loaded Plugin TcpMessaging, From C:/Program Files (x86)/Epic Games/4.14/Engine/Plugins/Messaging/TcpMessaging/TcpMessaging.uplugin
LogPluginManager: Loaded Plugin UdpMessaging, From C:/Program Files (x86)/Epic Games/4.14/Engine/Plugins/Messaging/UdpMessaging/UdpMessaging.uplugin
LogPluginManager: Loaded Plugin LevelSequenceEditor, From C:/Program Files (x86)/Epic Games/4.14/Engine/Plugins/MovieScene/LevelSequenceEditor/LevelSequenceEditor.uplugin
LogPluginManager: Loaded Plugin MatineeToLevelSequence, From C:/Program Files (x86)/Epic Games/4.14/Engine/Plugins/MovieScene/MatineeToLevelSequence/MatineeToLevelSequence.uplugin
LogPluginManager: Loaded Plugin NetcodeUnitTest, From C:/Program Files (x86)/Epic Games/4.14/Engine/Plugins/NetcodeUnitTest/NetcodeUnitTest/NetcodeUnitTest.uplugin
LogPluginManager: Loaded Plugin NUTUnrealEngine4, From C:/Program Files (x86)/Epic Games/4.14/Engine/Plugins/NetcodeUnitTest/NUTUnrealEngine4/NUTUnrealEngine4.uplugin
LogPluginManager: Loaded Plugin OnlineSubsystemGameCircle, From C:/Program Files (x86)/Epic Games/4.14/Engine/Plugins/Online/Android/OnlineSubsystemGameCircle/OnlineSubsystemGameCircle.uplugin
LogPluginManager: Loaded Plugin OnlineSubsystemGooglePlay, From C:/Program Files (x86)/Epic Games/4.14/Engine/Plugins/Online/Android/OnlineSubsystemGooglePlay/OnlineSubsystemGooglePlay.uplugin
LogPluginManager: Loaded Plugin OnlineSubsystemIOS, From C:/Program Files (x86)/Epic Games/4.14/Engine/Plugins/Online/IOS/OnlineSubsystemIOS/OnlineSubsystemIOS.uplugin
LogPluginManager: Loaded Plugin OnlineFramework, From C:/Program Files (x86)/Epic Games/4.14/Engine/Plugins/Online/OnlineFramework/OnlineFramework.uplugin
LogPluginManager: Loaded Plugin OnlineSubsystem, From C:/Program Files (x86)/Epic Games/4.14/Engine/Plugins/Online/OnlineSubsystem/OnlineSubsystem.uplugin
LogPluginManager: Loaded Plugin OnlineSubsystemAmazon, From C:/Program Files (x86)/Epic Games/4.14/Engine/Plugins/Online/OnlineSubsystemAmazon/OnlineSubsystemAmazon.uplugin
LogPluginManager: Loaded Plugin OnlineSubsystemFacebook, From C:/Program Files (x86)/Epic Games/4.14/Engine/Plugins/Online/OnlineSubsystemFacebook/OnlineSubsystemFacebook.uplugin
LogPluginManager: Loaded Plugin OnlineSubsystemNull, From C:/Program Files (x86)/Epic Games/4.14/Engine/Plugins/Online/OnlineSubsystemNull/OnlineSubsystemNull.uplugin
LogPluginManager: Loaded Plugin OnlineSubsystemOculus, From C:/Program Files (x86)/Epic Games/4.14/Engine/Plugins/Online/OnlineSubsystemOculus/OnlineSubsystemOculus.uplugin
LogPluginManager: Loaded Plugin OnlineSubsystemSteam, From C:/Program Files (x86)/Epic Games/4.14/Engine/Plugins/Online/OnlineSubsystemSteam/OnlineSubsystemSteam.uplugin
LogPluginManager: Loaded Plugin OnlineSubsystemUtils, From C:/Program Files (x86)/Epic Games/4.14/Engine/Plugins/Online/OnlineSubsystemUtils/OnlineSubsystemUtils.uplugin
LogPluginManager: Loaded Plugin IOSTapJoy, From C:/Program Files (x86)/Epic Games/4.14/Engine/Plugins/Runtime/Advertising/IOSTapJoy/IOSTapJoy.uplugin
LogPluginManager: Loaded Plugin AnalyticsBlueprintLibrary, From C:/Program Files (x86)/Epic Games/4.14/Engine/Plugins/Runtime/Analytics/AnalyticsBlueprintLibrary/AnalyticsBlueprintLibrary.uplugin
LogPluginManager: Loaded Plugin AnalyticsMulticast, From C:/Program Files (x86)/Epic Games/4.14/Engine/Plugins/Runtime/Analytics/AnalyticsMulticast/AnalyticsMulticast.uplugin
LogPluginManager: Loaded Plugin Apsalar, From C:/Program Files (x86)/Epic Games/4.14/Engine/Plugins/Runtime/Analytics/Apsalar/Apsalar.uplugin
LogPluginManager: Loaded Plugin FileLogging, From C:/Program Files (x86)/Epic Games/4.14/Engine/Plugins/Runtime/Analytics/FileLogging/FileLogging.uplugin
LogPluginManager: Loaded Plugin Flurry, From C:/Program Files (x86)/Epic Games/4.14/Engine/Plugins/Runtime/Analytics/Flurry/Flurry.uplugin
LogPluginManager: Loaded Plugin AndroidDeviceProfileSelector, From C:/Program Files (x86)/Epic Games/4.14/Engine/Plugins/Runtime/AndroidDeviceProfileSelector/AndroidDeviceProfileSelector.uplugin
LogPluginManager: Loaded Plugin AndroidMoviePlayer, From C:/Program Files (x86)/Epic Games/4.14/Engine/Plugins/Runtime/AndroidMoviePlayer/AndroidMoviePlayer.uplugin
LogPluginManager: Loaded Plugin AppleMoviePlayer, From C:/Program Files (x86)/Epic Games/4.14/Engine/Plugins/Runtime/AppleMoviePlayer/AppleMoviePlayer.uplugin
LogPluginManager: Loaded Plugin ArchVisCharacter, From C:/Program Files (x86)/Epic Games/4.14/Engine/Plugins/Runtime/ArchVisCharacter/ArchVisCharacter.uplugin
LogPluginManager: Loaded Plugin CableComponent, From C:/Program Files (x86)/Epic Games/4.14/Engine/Plugins/Runtime/CableComponent/CableComponent.uplugin
LogPluginManager: Loaded Plugin CustomMeshComponent, From C:/Program Files (x86)/Epic Games/4.14/Engine/Plugins/Runtime/CustomMeshComponent/CustomMeshComponent.uplugin
LogPluginManager: Loaded Plugin ExampleDeviceProfileSelector, From C:/Program Files (x86)/Epic Games/4.14/Engine/Plugins/Runtime/ExampleDeviceProfileSelector/ExampleDeviceProfileSelector.uplugin
LogPluginManager: Loaded Plugin GearVR, From C:/Program Files (x86)/Epic Games/4.14/Engine/Plugins/Runtime/GearVR/GearVR.uplugin
LogPluginManager: Loaded Plugin GoogleVRController, From C:/Program Files (x86)/Epic Games/4.14/Engine/Plugins/Runtime/GoogleVR/GoogleVRController/GoogleVRController.uplugin
LogPluginManager: Loaded Plugin GoogleVRHMD, From C:/Program Files (x86)/Epic Games/4.14/Engine/Plugins/Runtime/GoogleVR/GoogleVRHMD/GoogleVRHMD.uplugin
LogPluginManager: Loaded Plugin IOSDeviceProfileSelector, From C:/Program Files (x86)/Epic Games/4.14/Engine/Plugins/Runtime/IOSDeviceProfileSelector/IOSDeviceProfileSelector.uplugin
LogPluginManager: Loaded Plugin LeapMotion, From C:/Program Files (x86)/Epic Games/4.14/Engine/Plugins/Runtime/LeapMotion/LeapMotion.uplugin
LogPluginManager: Loaded Plugin LinuxDeviceProfileSelector, From C:/Program Files (x86)/Epic Games/4.14/Engine/Plugins/Runtime/LinuxDeviceProfileSelector/LinuxDeviceProfileSelector.uplugin
LogPluginManager: Loaded Plugin MIDIDevice, From C:/Program Files (x86)/Epic Games/4.14/Engine/Plugins/Runtime/MIDIDevice/MIDIDevice.uplugin
LogPluginManager: Loaded Plugin MobilePatchingUtils, From C:/Program Files (x86)/Epic Games/4.14/Engine/Plugins/Runtime/MobilePatchingUtils/MobilePatchingUtils.uplugin
LogPluginManager: Loaded Plugin Ansel, From C:/Program Files (x86)/Epic Games/4.14/Engine/Plugins/Runtime/Nvidia/Ansel/Ansel.uplugin
LogPluginManager: Loaded Plugin OculusAudio, From C:/Program Files (x86)/Epic Games/4.14/Engine/Plugins/Runtime/OculusAudio/OculusAudio.uplugin
LogPluginManager: Loaded Plugin OculusInput, From C:/Program Files (x86)/Epic Games/4.14/Engine/Plugins/Runtime/OculusInput/OculusInput.uplugin
LogPluginManager: Loaded Plugin OculusLibrary, From C:/Program Files (x86)/Epic Games/4.14/Engine/Plugins/Runtime/OculusLibrary/OculusLibrary.uplugin
LogPluginManager: Loaded Plugin OculusRift, From C:/Program Files (x86)/Epic Games/4.14/Engine/Plugins/Runtime/OculusRift/OculusRift.uplugin
LogPluginManager: Loaded Plugin Oodle, From C:/Program Files (x86)/Epic Games/4.14/Engine/Plugins/Runtime/PacketHandlers/CompressionComponents/Oodle/Oodle.uplugin
LogPluginManager: Loaded Plugin ProceduralMeshComponent, From C:/Program Files (x86)/Epic Games/4.14/Engine/Plugins/Runtime/ProceduralMeshComponent/ProceduralMeshComponent.uplugin
LogPluginManager: Loaded Plugin SoundMod, From C:/Program Files (x86)/Epic Games/4.14/Engine/Plugins/Runtime/SoundMod/SoundMod.uplugin
LogPluginManager: Loaded Plugin SoundVisualizations, From C:/Program Files (x86)/Epic Games/4.14/Engine/Plugins/Runtime/SoundVisualizations/SoundVisualizations.uplugin
LogPluginManager: Loaded Plugin SteamController, From C:/Program Files (x86)/Epic Games/4.14/Engine/Plugins/Runtime/Steam/SteamController/SteamController.uplugin
LogPluginManager: Loaded Plugin SteamVR, From C:/Program Files (x86)/Epic Games/4.14/Engine/Plugins/Runtime/Steam/SteamVR/SteamVR.uplugin
LogPluginManager: Loaded Plugin WebBrowserWidget, From C:/Program Files (x86)/Epic Games/4.14/Engine/Plugins/Runtime/WebBrowserWidget/WebBrowserWidget.uplugin
LogPluginManager: Loaded Plugin WindowsDeviceProfileSelector, From C:/Program Files (x86)/Epic Games/4.14/Engine/Plugins/Runtime/WindowsDeviceProfileSelector/WindowsDeviceProfileSelector.uplugin
LogPluginManager: Loaded Plugin WindowsMoviePlayer, From C:/Program Files (x86)/Epic Games/4.14/Engine/Plugins/Runtime/WindowsMoviePlayer/WindowsMoviePlayer.uplugin
LogPluginManager: Loaded Plugin ScriptPlugin, From C:/Program Files (x86)/Epic Games/4.14/Engine/Plugins/ScriptPlugin/ScriptPlugin.uplugin
LogPluginManager: Loaded Plugin SlateRemote, From C:/Program Files (x86)/Epic Games/4.14/Engine/Plugins/Slate/SlateRemote/SlateRemote.uplugin
LogPluginManager: Loaded Plugin EditorTests, From C:/Program Files (x86)/Epic Games/4.14/Engine/Plugins/Tests/EditorTests/EditorTests.uplugin
LogPluginManager: Loaded Plugin FbxAutomationTestBuilder, From C:/Program Files (x86)/Epic Games/4.14/Engine/Plugins/Tests/FbxAutomationTestBuilder/FbxAutomationTestBuilder.uplugin
LogPluginManager: Loaded Plugin FunctionalTestingEditor, From C:/Program Files (x86)/Epic Games/4.14/Engine/Plugins/Tests/FunctionalTestingEditor/FunctionalTestingEditor.uplugin
LogPluginManager: Loaded Plugin RuntimeTests, From C:/Program Files (x86)/Epic Games/4.14/Engine/Plugins/Tests/RuntimeTests/RuntimeTests.uplugin
LogPluginManager: Loaded Plugin ScreenshotTools, From C:/Program Files (x86)/Epic Games/4.14/Engine/Plugins/Tests/ScreenshotTools/ScreenshotTools.uplugin
LogInit: Using libcurl 7.47.1
LogInit:  - built for x86_64-pc-win32
LogInit:  - supports SSL with OpenSSL/1.0.2g
LogInit:  - supports HTTP deflate (compression) using libz 1.2.8
LogInit:  - other features:
LogInit:      CURL_VERSION_SSL
LogInit:      CURL_VERSION_LIBZ
LogInit:      CURL_VERSION_IPV6
LogInit:      CURL_VERSION_ASYNCHDNS
LogInit:      CURL_VERSION_LARGEFILE
LogInit:      CURL_VERSION_IDN
LogInit:  CurlRequestOptions (configurable via config and command line):
LogInit:  - bVerifyPeer = false  - Libcurl will NOT verify peer certificate
LogInit:  - bUseHttpProxy = false  - Libcurl will NOT use HTTP proxy
LogInit:  - bDontReuseConnections = false  - Libcurl will reuse connections
LogInit:  - CertBundlePath = nullptr  - Libcurl will use whatever was configured at build time.
LogInit: Build: ++UE4+Release-4.14-CL-3249277
LogInit: Engine Version: 4.14.3-3249277+++UE4+Release-4.14
LogInit: Compatible Engine Version: 4.14.0-3195953+++UE4+Release-4.14
LogInit: Net CL: 3195953
LogDevObjectVersion: Number of dev versions registered: 13
LogDevObjectVersion:   Dev-Blueprints (B0D832E4-1F89-4F0D-ACCF-7EB736FD4AA2): 7
LogDevObjectVersion:   Dev-Build (E1C64328-A22C-4D53-A36C-8E866417BD8C): 0
LogDevObjectVersion:   Dev-Core (375EC13C-06E4-48FB-B500-84F0262A717E): 1
LogDevObjectVersion:   Dev-Editor (E4B068ED-F494-42E9-A231-DA0B2E46BB41): 8
LogDevObjectVersion:   Dev-Framework (CFFC743F-43B0-4480-9391-14DF171D2073): 17
LogDevObjectVersion:   Dev-Mobile (B02B49B5-BB20-44E9-A304-32B752E40360): 0
LogDevObjectVersion:   Dev-Networking (A4E4105C-59A1-49B5-A7C5-40C4547EDFEE): 0
LogDevObjectVersion:   Dev-Online (39C831C9-5AE6-47DC-9A44-9C173E1C8E7C): 0
LogDevObjectVersion:   Dev-Physics (78F01B33-EBEA-4F98-B9B4-84EACCB95AA2): 0
LogDevObjectVersion:   Dev-Platform (6631380F-2D4D-43E0-8009-CF276956A95A): 0
LogDevObjectVersion:   Dev-Rendering (12F88B9F-8875-4AFC-A67C-D90C383ABD29): 12
LogDevObjectVersion:   Dev-Sequencer (7B5AE74C-D270-4C10-A958-57980B212A5A): 1
LogDevObjectVersion:   Dev-VR (D7296918-1DD6-4BDD-9DE2-64A83CC13884): 0
LogInit: Compiled (64-bit): Jan  6 2017 10:49:43
LogInit: Compiled with Visual C++: 19.00.23026.00
LogInit: Build Configuration: Development
LogInit: Branch Name: ++UE4+Release-4.14
LogInit: Command line:  
LogInit: Base directory: C:/Program Files (x86)/Epic Games/4.14/Engine/Binaries/Win64/
LogInit: Installed Engine Build: 1
LogInit: Presizing for max 8388607 objects, including 0 objects not considered by GC, pre-allocating 0 bytes for permanent pool.
LogInit: Object subsystem initialized
[2017.01.12-15.05.18:268][  0]LogInit: Selected Device Profile: [Windows]
[2017.01.12-15.05.18:268][  0]LogInit: Applying CVar settings loaded from the selected device profile: [Windows]
[2017.01.12-15.05.18:324][  0]LogInit: Computer: ŁUKASZ-KOMPUTER
[2017.01.12-15.05.18:324][  0]LogInit: User: Łukasz
[2017.01.12-15.05.18:324][  0]LogInit: CPU Page size=65536, Cores=4
[2017.01.12-15.05.18:324][  0]LogInit: High frequency timer resolution =3.026523 MHz
[2017.01.12-15.05.18:324][  0]LogMemory: Memory total: Physical=7.9GB (8GB approx)
[2017.01.12-15.05.18:324][  0]LogMemory: Platform Memory Stats for Windows
[2017.01.12-15.05.18:324][  0]LogMemory: Process Physical Memory: 264.74 MB used, 264.74 MB peak
[2017.01.12-15.05.18:324][  0]LogMemory: Process Virtual Memory: 264.71 MB used, 264.71 MB peak
[2017.01.12-15.05.18:324][  0]LogMemory: Physical Memory: 4712.50 MB used,  3417.91 MB free, 8130.41 MB total
[2017.01.12-15.05.18:324][  0]LogMemory: Virtual Memory: 660.22 MB used,  3417.91 MB free, 8388608.00 MB total
[2017.01.12-15.05.18:570][  0]LogTextLocalizationManager: No translations for ('pl-PL') exist, falling back to 'en' for localization and internationalization data.
[2017.01.12-15.05.20:238][  0]LogD3D11RHI: D3D11 adapters:
[2017.01.12-15.05.20:254][  0]LogD3D11RHI:    0. 'NVIDIA GeForce GTX 760' (Feature Level 11_0)
[2017.01.12-15.05.20:254][  0]LogD3D11RHI:       1989/0/3809 MB DedicatedVideo/DedicatedSystem/SharedSystem, Outputs:1, VendorId:0x10de
[2017.01.12-15.05.20:254][  0]LogD3D11RHI: Chosen D3D11 Adapter: 0
[2017.01.12-15.05.20:260][  0]LogD3D11RHI: Creating new Direct3DDevice
[2017.01.12-15.05.20:260][  0]LogD3D11RHI:     GPU DeviceId: 0x1187 (for the marketing name, search the web for "GPU Device Id")
[2017.01.12-15.05.20:260][  0]LogWindows: EnumDisplayDevices:
[2017.01.12-15.05.20:260][  0]LogWindows:    0. 'NVIDIA GeForce GTX 760' (P:1 D:1)
[2017.01.12-15.05.20:260][  0]LogWindows:    1. 'NVIDIA GeForce GTX 760' (P:0 D:0)
[2017.01.12-15.05.20:260][  0]LogWindows:    2. 'NVIDIA GeForce GTX 760' (P:0 D:0)
[2017.01.12-15.05.20:260][  0]LogWindows:    3. 'NVIDIA GeForce GTX 760' (P:0 D:0)
[2017.01.12-15.05.20:260][  0]LogWindows:    4. 'RDPDD Chained DD' (P:0 D:0)
[2017.01.12-15.05.20:261][  0]LogWindows:    5. 'RDP Encoder Mirror Driver' (P:0 D:0)
[2017.01.12-15.05.20:261][  0]LogWindows:    6. 'RDP Reflector Display Driver' (P:0 D:0)
[2017.01.12-15.05.20:261][  0]LogWindows: DebugString: GetVideoDriverDetailsInvalid PrimaryIsNotTheChoosenAdapter GetVideoDriverDetailsInvalid PrimaryIsNotTheChoosenAdapter GetVideoDriverDetailsInvalid PrimaryIsNotTheChoosenAdapter FoundDriverCount:4 
[2017.01.12-15.05.20:261][  0]LogD3D11RHI:     Adapter Name: NVIDIA GeForce GTX 760
[2017.01.12-15.05.20:261][  0]LogD3D11RHI:   Driver Version: 373.06 (internal:21.21.13.7306, unified:373.06)
[2017.01.12-15.05.20:261][  0]LogD3D11RHI:      Driver Date: 10-1-2016
[2017.01.12-15.05.20:261][  0]LogRHI: Texture pool is 1361 MB (70% of 1945 MB)
[2017.01.12-15.05.20:270][  0]LogD3D11RHI:Warning: Timestamp queries are currently disabled on this hardware due to instability. Realtime GPU stats will not be available. You can override this behaviour by setting r.NVIDIATimestampWorkaround to 0
[2017.01.12-15.05.20:270][  0]LogD3D11RHI: Async texture creation enabled
[2017.01.12-15.05.20:284][  0]LogD3D11RHI: GPU Timing Frequency: 1000.000000 (Debug: 2 2)
[2017.01.12-15.05.20:284][  0]LogShaderCompilers: Guid format shader working directory is -19 characters bigger than the processId version (../../../../../../Users/Łukasz/Documents/Unreal Projects/MyProject/Intermediate/Shaders/WorkingDirectory/7552/).
[2017.01.12-15.05.20:284][  0]LogShaderCompilers: Cleaned the shader compiler working directory 'C:/Users/Łukasz/AppData/Local/Temp/UnrealShaderWorkingDir/A775DD9B4B3436B141470E9CA489DC34/'.
[2017.01.12-15.05.20:284][  0]LogShaderCompilers:Display: Using Local Shader Compiler.
[2017.01.12-15.05.24:538][  0]LogTemp:Display: Loaded TP AllDesktopTargetPlatform
[2017.01.12-15.05.24:610][  0]LogTemp:Display: Loaded TP MacClientTargetPlatform
[2017.01.12-15.05.24:670][  0]LogTemp:Display: Loaded TP MacNoEditorTargetPlatform
[2017.01.12-15.05.24:733][  0]LogTemp:Display: Loaded TP MacServerTargetPlatform
[2017.01.12-15.05.24:794][  0]LogTemp:Display: Loaded TP MacTargetPlatform
[2017.01.12-15.05.24:851][  0]LogTemp:Display: Loaded TP WindowsClientTargetPlatform
[2017.01.12-15.05.24:909][  0]LogTemp:Display: Loaded TP WindowsNoEditorTargetPlatform
[2017.01.12-15.05.24:970][  0]LogTemp:Display: Loaded TP WindowsServerTargetPlatform
[2017.01.12-15.05.25:015][  0]LogTemp:Display: Loaded TP WindowsTargetPlatform
[2017.01.12-15.05.25:079][  0]LogTemp:Display: Loaded TP AndroidTargetPlatform
[2017.01.12-15.05.25:140][  0]LogTemp:Display: Loaded TP Android_ASTCTargetPlatform
[2017.01.12-15.05.25:198][  0]LogTemp:Display: Loaded TP Android_ATCTargetPlatform
[2017.01.12-15.05.25:264][  0]LogTemp:Display: Loaded TP Android_DXTTargetPlatform
[2017.01.12-15.05.25:333][  0]LogTemp:Display: Loaded TP Android_ETC1TargetPlatform
[2017.01.12-15.05.25:397][  0]LogTemp:Display: Loaded TP Android_ETC2TargetPlatform
[2017.01.12-15.05.25:536][  0]LogTemp:Display: Loaded TP Android_MultiTargetPlatform
[2017.01.12-15.05.25:536][  0]LogTemp:Display: Loaded TP Android_PVRTCTargetPlatform
[2017.01.12-15.05.25:582][  0]LogTemp:Display: Loaded TP HTML5TargetPlatform
[2017.01.12-15.05.25:705][  0]LogTemp:Display: Loaded TP IOSTargetPlatform
[2017.01.12-15.05.25:738][  0]LogTemp:Display: Loaded TP TVOSTargetPlatform
[2017.01.12-15.05.25:803][  0]LogTemp:Display: Loaded TP LinuxClientTargetPlatform
[2017.01.12-15.05.25:974][  0]LogTemp:Display: Loaded TP LinuxNoEditorTargetPlatform
[2017.01.12-15.05.26:064][  0]LogTemp:Display: Loaded TP LinuxServerTargetPlatform
[2017.01.12-15.05.26:133][  0]LogTemp:Display: Loaded TP LinuxTargetPlatform
[2017.01.12-15.05.26:133][  0]LogTargetPlatformManager:Display: Building Assets For Windows
[2017.01.12-15.05.27:137][  0]LogDerivedDataCache:Display: Max Cache Size: 512 MB
[2017.01.12-15.05.27:854][  0]LogDerivedDataCache: Loaded boot cache 0.72s 50MB C:/Users/Łukasz/AppData/Local/UnrealEngine/4.14/DerivedDataCache/Boot.ddc.
[2017.01.12-15.05.27:854][  0]LogDerivedDataCache:Display: Loaded Boot cache: C:/Users/Łukasz/AppData/Local/UnrealEngine/4.14/DerivedDataCache/Boot.ddc
[2017.01.12-15.05.27:854][  0]LogDerivedDataCache: FDerivedDataBackendGraph:  Pak pak cache file ../../../../../../Users/Łukasz/Documents/Unreal Projects/MyProject/DerivedDataCache/DDC.ddp not found, will not use a pak cache.
[2017.01.12-15.05.27:854][  0]LogDerivedDataCache: Unable to find inner node Pak for hierarchical cache Hierarchy.
[2017.01.12-15.05.27:855][  0]LogDerivedDataCache: FDerivedDataBackendGraph:  CompressedPak pak cache file ../../../../../../Users/Łukasz/Documents/Unreal Projects/MyProject/DerivedDataCache/Compressed.ddp not found, will not use a pak cache.
[2017.01.12-15.05.27:855][  0]LogDerivedDataCache: Unable to find inner node CompressedPak for hierarchical cache Hierarchy.
[2017.01.12-15.05.27:923][  0]LogDerivedDataCache:Display: Pak cache opened for reading ../../../Engine/DerivedDataCache/Compressed.ddp.
[2017.01.12-15.05.27:935][  0]LogDerivedDataCache: Using Local data cache path C:/Users/Łukasz/AppData/Local/UnrealEngine/Common/DerivedDataCache: Writable
[2017.01.12-15.05.31:590][  0]LogInit: Selected Device Profile: [Windows]
[2017.01.12-15.05.31:593][  0]LogContentStreaming: Texture pool size is 0.00 MB
[2017.01.12-15.05.31:883][  0]LogMeshUtilities: Using QuadricMeshReduction for automatic static mesh reduction
[2017.01.12-15.05.31:987][  0]LogSimplygon: Simplygon DLL not present - disabling.
[2017.01.12-15.05.32:063][  0]LogMeshUtilities: Using SimplygonSwarm for distributed automatic mesh merging
[2017.01.12-15.05.32:063][  0]LogMeshUtilities: No automatic skeletal mesh reduction module available
[2017.01.12-15.05.32:063][  0]LogMeshUtilities: No automatic mesh merging module available
[2017.01.12-15.05.32:711][  0]LogNetVersion: GetLocalNetworkVersion: CL: 3195953, ProjectName: myproject, ProjectVersion: , EngineNetworkVersion: 2, GameNetworkVersion: 0, NetworkChecksum: 2754685603
[2017.01.12-15.05.32:789][  0]LogAssetRegistry: FAssetRegistry took 0.0197 seconds to start up
[2017.01.12-15.05.32:825][  0]LogPackageLocalizationCache: Processed 4 localized package path(s) for 1 prioritized culture(s) in 0.018038 seconds
[2017.01.12-15.05.32:831][  0]LogUObjectArray: 31946 objects as part of root set at end of initial load.
[2017.01.12-15.05.32:831][  0]LogUObjectAllocator: 6935840 out of 0 bytes used by permanent object pool.
[2017.01.12-15.05.32:831][  0]LogUObjectArray: CloseDisregardForGC: 0/0 objects in disregard for GC pool
[2017.01.12-15.05.32:986][  0]LogInit: WinSock: version 1.1 (2.2), MaxSocks=32767, MaxUdp=65467
[2017.01.12-15.05.34:727][  0]LogSlate: Using Freetype 2.6.0
[2017.01.12-15.05.34:750][  0]LogSlate: SlateFontCache - WITH_FREETYPE: 1, WITH_HARFBUZZ: 1
[2017.01.12-15.05.34:750][  0]LogSlate: SlateFontCache - WITH_FREETYPE: 1, WITH_HARFBUZZ: 1
[2017.01.12-15.05.56:155][  0]LogTcpMessaging: Initializing TcpMessaging bridge
[2017.01.12-15.05.56:206][  0]LogUdpMessaging: Initializing bridge on interface 0.0.0.0:0 to multicast group 230.0.0.1:6666.
[2017.01.12-15.05.56:932][  0]LogMaterial: Uniform references updated for custom material expression Custom.
[2017.01.12-15.05.57:394][  0]SourceControl: Info Source control is disabled
[2017.01.12-15.05.57:394][  0]SourceControl: Info Source control is disabled
[2017.01.12-15.05.57:447][  0]SourceControl: Info Source control is disabled
[2017.01.12-15.05.57:522][  0]SourceControl: Info Source control is disabled
[2017.01.12-15.05.59:465][  0]LogEngine: Initializing Engine...
[2017.01.12-15.05.59:466][  0]LogHMD: Failed to initialize OpenVR with code 110
[2017.01.12-15.05.59:765][  0]LogAIModule: Creating AISystem for world Untitled
[2017.01.12-15.05.59:776][  0]LogInit: XAudio2 using 'Głośniki (Realtek High Definition Audio)' : 2 channels at 48 kHz using 32 bits per sample (channel mask 0x3)
[2017.01.12-15.05.59:790][  0]LogInit: FAudioDevice initialized.
[2017.01.12-15.05.59:834][  0]LogDerivedDataCache: Saved boot cache 0.04s 50MB C:/Users/Łukasz/AppData/Local/UnrealEngine/4.14/DerivedDataCache/Boot.ddc.
[2017.01.12-15.05.59:840][  0]LogInit: Texture streaming: Enabled
[2017.01.12-15.06.00:121][  0]LogInit: Transaction tracking system initialized
[2017.01.12-15.06.00:541][  0]BlueprintLog: New page: Editor Load
[2017.01.12-15.06.01:678][  0]LocalizationService: Info Localization service is disabled
[2017.01.12-15.06.02:745][  0]LogConsoleResponse:Display: 
[2017.01.12-15.06.04:026][  0]LogCook:Display: Max memory allowance for cook 16384mb min free memory 0mb
[2017.01.12-15.06.04:026][  0]LogCook:Display: Mobile HDR setting 1
[2017.01.12-15.06.04:805][  0]LogFileCache: Scanning file cache for directory 'C:/Users/Łukasz/Documents/Unreal Projects/MyProject/Content/' took 0.02s
[2017.01.12-15.06.06:713][  0]SourceControl: Info Source control is disabled
[2017.01.12-15.06.06:713][  0]Cmd: MAP LOAD FILE="../../../../../../Users/Łukasz/Documents/Unreal Projects/MyProject/Content/ThirdPersonBP/Maps/ThirdPersonExampleMap.umap" TEMPLATE=0 SHOWPROGRESS=1 FEATURELEVEL=3
[2017.01.12-15.06.06:713][  0]LightingResults: New page: Lighting Build
[2017.01.12-15.06.06:751][  0]MapCheck: New page: Map Check
[2017.01.12-15.06.06:751][  0]LightingResults: New page: Lighting Build
[2017.01.12-15.06.07:935][  0]LogAIModule: Creating AISystem for world ThirdPersonExampleMap
[2017.01.12-15.06.08:007][  0]LogEditorServer: Finished looking for orphan Actors (0.000 secs)
[2017.01.12-15.06.08:007][  0]Cmd: MAP CHECKDEP NOCLEARLOG
[2017.01.12-15.06.08:055][  0]MapCheck: Info Map check complete: 0 Error(s), 0 Warning(s), took 47.016ms to complete.
[2017.01.12-15.06.08:055][  0]LogFileHelpers: Loading map 'ThirdPersonExampleMap' took 1.342
[2017.01.12-15.06.08:332][  0]LogCollectionManager: Loaded 0 collections in 0.001922 seconds
[2017.01.12-15.06.08:420][  0]LogFileCache: Scanning file cache for directory 'C:/Users/Łukasz/Documents/Unreal Projects/MyProject/Saved/Collections/' took 0.01s
[2017.01.12-15.06.08:420][  0]LogFileCache: Scanning file cache for directory 'C:/Users/Łukasz/Documents/Unreal Projects/MyProject/Content/Developers/Łukasz/Collections/' took 0.01s
[2017.01.12-15.06.08:420][  0]LogFileCache: Scanning file cache for directory 'C:/Users/Łukasz/Documents/Unreal Projects/MyProject/Content/Collections/' took 0.01s
[2017.01.12-15.06.08:420][  0]LogCollectionManager: Rebuilt the GUID cache for 0 collections in 0.000002 seconds
[2017.01.12-15.06.08:430][  0]LogContentBrowser: Native class hierarchy populated in 0.0098 seconds. Added 2215 classes and 437 folders.
[2017.01.12-15.06.08:470][  0]LogStats: UGameplayTagsManager::ConstructGameplayTagTree: Construct from data asset -  0.000 s
[2017.01.12-15.06.08:470][  0]LogStats: UGameplayTagsManager::ConstructGameplayTagTree: GameplayTagTreeChangedEvent.Broadcast -  0.000 s
[2017.01.12-15.06.08:471][  0]LogContentBrowser: Native class hierarchy updated for 'GameplayTags' in 0.0005 seconds. Added 13 classes and 0 folders.
[2017.01.12-15.06.08:531][  0]LogContentBrowser: Native class hierarchy updated for 'WidgetCarousel' in 0.0005 seconds. Added 0 classes and 0 folders.
[2017.01.12-15.06.10:161][  0]LogContentBrowser: Native class hierarchy updated for 'AddContentDialog' in 0.0010 seconds. Added 0 classes and 0 folders.
[2017.01.12-15.06.10:244][  0]LogContentBrowser: Native class hierarchy updated for 'SceneOutliner' in 0.0005 seconds. Added 1 classes and 2 folders.
[2017.01.12-15.06.10:341][  0]LogCrashTracker: Crashtracker disabled due to settings.
[2017.01.12-15.06.10:345][  0]LogUObjectGlobals:Warning: Failed to find object 'Class None.'
[2017.01.12-15.06.10:422][  0]LogContentBrowser: Native class hierarchy updated for 'HierarchicalLODOutliner' in 0.0006 seconds. Added 1 classes and 2 folders.
[2017.01.12-15.06.10:422][  0]LogLoad: (Engine Initialization) Total time: 53.98 seconds
[2017.01.12-15.06.10:422][  0]LogLoad: (Engine Initialization) Total Blueprint compile time: 0.24 seconds
[2017.01.12-15.06.10:422][  0]LogExternalProfiler: Found external profiler: VSPerf
[2017.01.12-15.06.10:422][  0]LogExternalProfiler: Using external profiler: VSPerf
[2017.01.12-15.06.10:761][  0]LogOcInput: OculusInput pre-init called
[2017.01.12-15.06.10:781][  0]LogContentStreaming: Texture pool size now 1000 MB
[2017.01.12-15.06.11:241][  0]LogRenderer: Reallocating scene render targets to support 1208x576 NumSamples 1 (Frame:2).
[2017.01.12-15.06.11:309][  1]LogAssetRegistry: Asset discovery search completed in 38.5393 seconds
[2017.01.12-15.06.11:309][  1]LogCollectionManager: Rebuilt the object cache for 0 collections in 0.000000 seconds (found 0 objects)
[2017.01.12-15.06.11:309][  1]LogCollectionManager: Fixed up redirectors for 0 collections in 0.000017 seconds (updated 0 objects)
[2017.01.12-15.06.36:401][358]UATHelper: Packaging (Windows (64-bit)): Running AutomationTool...
[2017.01.12-15.06.36:597][382]UATHelper: Packaging (Windows (64-bit)): Automation.ParseCommandLine: Parsing command line: -ScriptsForProject="C:/Users/Łukasz/Documents/Unreal Projects/MyProject/MyProject.uproject" BuildCookRun -nocompile -nocompileeditor -installed -nop4 -project="C:/Users/Łukasz/Documents/Unreal Projects/MyProject/MyProject.uproject" -cook -stage -archive -archivedirectory=C:/Users/Łukasz/Desktop/GraPreAlpha -package -clientconfig=Development -ue4exe=UE4Editor-Cmd.exe -pak -prereqs -nodebuginfo -targetplatform=Win64 -build -CrashReporter -utf8output
[2017.01.12-15.06.36:606][383]UATHelper: Packaging (Windows (64-bit)): Automation.Process: Setting up command environment.
[2017.01.12-15.06.36:789][405]UATHelper: Packaging (Windows (64-bit)): BuildCookRun.SetupParams: Setting up ProjectParams for C:\Users\Łukasz\Documents\Unreal Projects\MyProject\MyProject.uproject
[2017.01.12-15.06.37:267][462]UATHelper: Packaging (Windows (64-bit)): Project.Build: ********** BUILD COMMAND STARTED **********
[2017.01.12-15.06.37:301][466]UATHelper: Packaging (Windows (64-bit)): CommandUtils.Run: Run: C:\Program Files (x86)\Epic Games\4.14\Engine\Binaries\DotNET\UnrealBuildTool.exe MyProject Win64 Development -Project="C:\Users\Łukasz\Documents\Unreal Projects\MyProject\MyProject.uproject"  "C:\Users\Łukasz\Documents\Unreal Projects\MyProject\MyProject.uproject"  -remoteini="C:\Users\Łukasz\Documents\Unreal Projects\MyProject" -noxge -generatemanifest -NoHotReload
[2017.01.12-15.06.38:494][581]UATHelper: Packaging (Windows (64-bit)): CommandUtils.Run: Run: Took 1,1930683s to run UnrealBuildTool.exe, ExitCode=0
[2017.01.12-15.06.38:521][584]UATHelper: Packaging (Windows (64-bit)): CommandUtils.Run: Run: C:\Program Files (x86)\Epic Games\4.14\Engine\Binaries\DotNET\UnrealBuildTool.exe MyProject Win64 Development -Project="C:\Users\Łukasz\Documents\Unreal Projects\MyProject\MyProject.uproject"  "C:\Users\Łukasz\Documents\Unreal Projects\MyProject\MyProject.uproject"  -remoteini="C:\Users\Łukasz\Documents\Unreal Projects\MyProject" -noxge -NoHotReload -ignorejunk
[2017.01.12-15.06.38:855][623]UATHelper: Packaging (Windows (64-bit)): UnrealBuildTool: Creating makefile for MyProject (no existing makefile)
[2017.01.12-15.06.39:199][664]UATHelper: Packaging (Windows (64-bit)): UnrealBuildTool: Performing full C++ include scan (no include cache file)
[2017.01.12-15.06.49:253][869]UATHelper: Packaging (Windows (64-bit)): UnrealBuildTool: ERROR: Windows SDK v8.1 must be installed in order to build this target.
[2017.01.12-15.06.49:361][882]UATHelper: Packaging (Windows (64-bit)): CommandUtils.Run: Run: Took 10,83962s to run UnrealBuildTool.exe, ExitCode=5
[2017.01.12-15.06.49:361][882]UATHelper: Packaging (Windows (64-bit)): Program.Main: ERROR: AutomationTool terminated with exception: AutomationTool.CommandUtils+CommandFailedException: Command failed (Result:5): C:\Program Files (x86)\Epic Games\4.14\Engine\Binaries\DotNET\UnrealBuildTool.exe MyProject Win64 Development -Project="C:\Users\Łukasz\Documents\Unreal Projects\MyProject\MyProject.uproject"  "C:\Users\Łukasz\Documents\Unreal Projects\MyProject\MyProject.uproject"  -remoteini="C:\Users\Łukasz\Documents\Unreal Projects\MyProject" -noxge -NoHotReload -ignorejunk. See logfile for details: 'UnrealBuildTool-2017.01.12-16.06.38.txt' 
[2017.01.12-15.06.49:362][882]UATHelper: Packaging (Windows (64-bit)):    w AutomationTool.CommandUtils.RunAndLog(String App, String CommandLine, String Logfile, Int32 MaxSuccessCode, String Input, ERunOptions Options, Dictionary`2 EnvVars, SpewFilterCallbackType SpewFilterCallback)
[2017.01.12-15.06.49:362][882]UATHelper: Packaging (Windows (64-bit)):    w AutomationTool.CommandUtils.RunAndLog(CommandEnvironment Env, String App, String CommandLine, String LogName, Int32 MaxSuccessCode, String Input, ERunOptions Options, Dictionary`2 EnvVars, SpewFilterCallbackType SpewFilterCallback)
[2017.01.12-15.06.49:362][882]UATHelper: Packaging (Windows (64-bit)):    w AutomationTool.CommandUtils.RunUBT(CommandEnvironment Env, String UBTExecutable, String CommandLine, String LogName, Dictionary`2 EnvVars)
[2017.01.12-15.06.49:362][882]UATHelper: Packaging (Windows (64-bit)):    w AutomationTool.CommandUtils.RunUBT(CommandEnvironment Env, String UBTExecutable, FileReference Project, String Target, String Platform, String Config, String AdditionalArgs, String LogName, Dictionary`2 EnvVars)
[2017.01.12-15.06.49:362][882]UATHelper: Packaging (Windows (64-bit)):    w AutomationTool.UE4Build.BuildWithUBT(String TargetName, UnrealTargetPlatform TargetPlatform, String Config, FileReference UprojectPath, Boolean ForceMonolithic, Boolean ForceNonUnity, Boolean ForceDebugInfo, Boolean ForceFlushMac, Boolean DisableXGE, String InAddArgs, Boolean ForceUnity, Dictionary`2 EnvVars)
[2017.01.12-15.06.49:362][882]UATHelper: Packaging (Windows (64-bit)):    w AutomationTool.UE4Build.Build(BuildAgenda Agenda, Nullable`1 InDeleteBuildProducts, Boolean InUpdateVersionFiles, Boolean InForceNoXGE, Boolean InUseParallelExecutor, Boolean InForceNonUnity, Boolean InForceUnity, Boolean InShowProgress, Dictionary`2 PlatformEnvVars, Nullable`1 InChangelistNumberOverride, Dictionary`2 InTargetToManifest)
[2017.01.12-15.06.49:363][882]UATHelper: Packaging (Windows (64-bit)):    w Project.Build(BuildCommand Command, ProjectParams Params, Int32 WorkingCL, ProjectBuildTargets TargetMask)
[2017.01.12-15.06.49:363][882]UATHelper: Packaging (Windows (64-bit)):    w BuildCookRun.DoBuildCookRun(ProjectParams Params)
[2017.01.12-15.06.49:363][882]UATHelper: Packaging (Windows (64-bit)):    w BuildCookRun.ExecuteBuild()
[2017.01.12-15.06.49:363][882]UATHelper: Packaging (Windows (64-bit)):    w AutomationTool.BuildCommand.Execute()
[2017.01.12-15.06.49:363][882]UATHelper: Packaging (Windows (64-bit)):    w AutomationTool.Automation.Execute(List`1 CommandsToExecute, CaselessDictionary`1 Commands)
[2017.01.12-15.06.49:363][882]UATHelper: Packaging (Windows (64-bit)):    w AutomationTool.Automation.Process(String[] Arguments)
[2017.01.12-15.06.49:363][882]UATHelper: Packaging (Windows (64-bit)):    w AutomationTool.Program.MainProc(Object Param)
[2017.01.12-15.06.49:363][882]UATHelper: Packaging (Windows (64-bit)):    w AutomationTool.InternalUtils.RunSingleInstance(Func`2 Main, Object Param)
[2017.01.12-15.06.49:363][882]UATHelper: Packaging (Windows (64-bit)):    w AutomationTool.Program.Main()
[2017.01.12-15.06.49:364][882]UATHelper: Packaging (Windows (64-bit)): Program.Main: AutomationTool exiting with ExitCode=5 (5)
[2017.01.12-15.06.49:387][884]UATHelper: Packaging (Windows (64-bit)): BUILD FAILED
[2017.01.12-15.06.49:396][885]PackagingResults:Error: Error Unknown Error
[2017.01.12-15.06.56:732][761]MapCheck: New page: Map Check
[2017.01.12-15.06.56:837][761]Cmd: MAP REBUILD ALLVISIBLE
[2017.01.12-15.06.56:840][761]LogEditorServer: Rebuildmap Clear paths rebuilt
[2017.01.12-15.06.57:163][761]LightingResults: New page: Lighting Build - Jan 12, 2017, 5:06:57 PM
[2017.01.12-15.06.57:474][761]LogSwarmInterface: [OpenConnection] Registering TCP channel ...
[2017.01.12-15.06.57:548][761]LogSwarmInterface: [OpenConnection] Connecting to agent ...
[2017.01.12-15.06.57:603][761]LogSwarmInterface: [TryOpenConnection] Testing the Agent
[2017.01.12-15.07.00:052][761]LogSwarmInterface:Error: [TryOpenConnection] Waiting for the agent to start up ...
[2017.01.12-15.07.00:160][761]LogSwarmInterface:Error: System.Net.Sockets.SocketException (0x80004005): Nie można nawiązać połączenia, ponieważ komputer docelowy aktywnie go odmawia 127.0.0.1:8008

Server stack trace: 
   w System.Net.Sockets.Socket.DoConnect(EndPoint endPointSnapshot, SocketAddress socketAddress)
   w System.Net.Sockets.Socket.Connect(EndPoint remoteEP)
   w System.Runtime.Remoting.Channels.RemoteConnection.CreateNewSocket(EndPoint ipEndPoint)
   w System.Runtime.Remoting.Channels.SocketCache.GetSocket(String machinePortAndSid, Boolean openNew)
   w System.Runtime.Remoting.Channels.Tcp.TcpClientTransportSink.SendRequestWithRetry(IMessage msg, ITransportHeaders requestHeaders, Stream requestStream)
   w System.Runtime.Remoting.Channels.Tcp.TcpClientTransportSink.AsyncProcessRequest(IClientChannelSinkStack sinkStack, IMessage msg, ITransportHeaders headers, Stream stream)
   w System.Runtime.Remoting.Channels.BinaryClientFormatterSink.AsyncProcessMessage(IMessage msg, IMessageSink replySink)

Exception rethrown at [0]: 
   w System.Runtime.Remoting.Proxies.RealProxy.HandleReturnMessage(IMessage reqMsg, IMessage retMsg)
   w System.Runtime.Remoting.Proxies.RealProxy.PrivateInvoke(MessageData& msgData, Int32 type)
   w NSwarm.IAgentInterfaceWrapper.MethodDelegate.EndInvoke(Hashtable& OutParameters, IAsyncResult result)
   w NSwarm.FSwarmInterface.TryOpenConnection(FConnectionCallback CallbackFunc, IntPtr CallbackData, ELogFlags LoggingFlags)
[2017.01.12-15.07.05:401][761]LogSwarmInterface: [TryOpenConnection] Opening Connection to Agent
[2017.01.12-15.07.05:401][761]LogSwarmInterface: [TryOpenConnection] Local Process ID is 7552
[2017.01.12-15.07.12:541][761]LogStaticLightingSystem: Running Lightmass w/ ImmediateImport mode ENABLED
[2017.01.12-15.07.12:541][761]LogStaticLightingSystem: Running Lightmass w/ ImmediateProcess mode ENABLED
[2017.01.12-15.07.12:541][761]LogStaticLightingSystem: Running Lightmass w/ Sorting mode ENABLED
[2017.01.12-15.07.12:541][761]LogStaticLightingSystem: Running Lightmass w/ Mapping paddings ENABLED
[2017.01.12-15.07.12:541][761]LogStaticLightingSystem: Running Lightmass w/ Mapping debug paddings DISABLED
[2017.01.12-15.07.13:313][761]Cmd: MAP CHECK DONTDISPLAYDIALOG
[2017.01.12-15.07.13:313][761]MapCheck: New page: ThirdPersonExampleMap - Jan 12, 2017, 5:07:13 PM
[2017.01.12-15.07.13:462][761]MapCheck: Info Map check complete: 0 Error(s), 0 Warning(s), took 149.004ms to complete.
[2017.01.12-15.07.13:483][761]LogEditorBuildUtils: Build time 0:16
[2017.01.12-15.07.13:659][762]LogMaterial: Missing cached shader map for material FLightmassMaterialRenderer RampMaterial, compiling. 
[2017.01.12-15.07.14:445][762]LogMaterial: Missing cached shader map for material FLightmassMaterialRenderer RampMaterial, compiling. 
[2017.01.12-15.07.14:501][763]LogMaterial: Missing cached shader map for material FLightmassMaterialRenderer M_Wood_Oak, compiling. 
[2017.01.12-15.07.14:510][763]LogMaterial: Missing cached shader map for material FLightmassMaterialRenderer M_Wood_Oak, compiling. 
[2017.01.12-15.07.32:069][124]Job is a success!
[2017.01.12-15.07.33:538][125]LogTexture:Display: Building textures: SkyOcclusion1_1 (AutoDXT)
[2017.01.12-15.07.33:538][125]LogTexture:Display: Building textures: HQ_Lightmap1_1 (AutoDXT)
[2017.01.12-15.07.33:538][125]LogTexture:Display: Building textures: LQ_Lightmap_1_1 (DXT1)
[2017.01.12-15.07.33:538][125]LogTexture:Display: Building textures: SkyOcclusion1_2 (AutoDXT)
[2017.01.12-15.07.33:538][125]LogTexture:Display: Building textures: HQ_Lightmap1_2 (AutoDXT)
[2017.01.12-15.07.33:538][125]LogTexture:Display: Building textures: LQ_Lightmap_1_2 (DXT1)
[2017.01.12-15.07.33:538][125]LogTexture:Display: Building textures: SkyOcclusion1_3 (AutoDXT)
[2017.01.12-15.07.33:538][125]LogTexture:Display: Building textures: HQ_Lightmap1_3 (AutoDXT)
[2017.01.12-15.07.33:538][125]LogTexture:Display: Building textures: LQ_Lightmap_1_3 (DXT1)
[2017.01.12-15.07.34:108][125]LogTexture:Display: Building textures: ShadowMapTexture2D_2 (G8)
[2017.01.12-15.07.34:108][125]LogTexture:Display: Building textures: ShadowMapTexture2D_3 (G8)
[2017.01.12-15.07.34:431][125]Lightmass on ŁUKASZ-KOMPUTER: 15.3 sec total, 4.90 sec importing, 61 ms setup, 1.26 sec photons, 8.93 sec processing, 0 ms extra exporting [12/12 mappings]. Threads: 35.7 sec total, 19.9 sec processing.
[2017.01.12-15.07.34:459][125]LogStaticLightingSystem: Illumination: 37.2 sec (1.26 sec encoding lightmaps, 563 ms encoding shadowmaps)
[2017.01.12-15.07.34:459][125]LogStaticLightingSystem: Lightmap texture memory:  3.3 MB (3.3 MB streaming, 0.0 MB non-streaming), 6 textures
[2017.01.12-15.07.34:459][125]LogStaticLightingSystem: Shadowmap texture memory: 2.7 MB (2.7 MB streaming, 0.0 MB non-streaming), 2 textures
[2017.01.12-15.07.34:549][125]DumpUnbuiltLightIteractions
[2017.01.12-15.07.34:549][125]Lights with unbuilt interactions: 0
[2017.01.12-15.07.34:549][125]
[2017.01.12-15.07.34:549][125]Primitives with unbuilt interactions: 0
[2017.01.12-15.07.34:573][126]Cmd: MAP CHECK NOTIFYRESULTS
[2017.01.12-15.07.34:573][126]MapCheck: New page: ThirdPersonExampleMap - Jan 12, 2017, 5:07:34 PM
[2017.01.12-15.07.34:613][126]MapCheck: Info Map check complete: 0 Error(s), 0 Warning(s), took 40.251ms to complete.
[2017.01.12-15.07.40:640][783]LogSavePackage: Save=203.96ms
[2017.01.12-15.07.40:640][783]LogSavePackage: Moving '../../../../../../Users/Łukasz/Documents/Unreal Projects/MyProject/Saved/ThirdPersonExampleMap819B33D7479C00176629408FBA9B6070.tmp' to '../../../../../../Users/Łukasz/Documents/Unreal Projects/MyProject/Content/ThirdPersonBP/Maps/ThirdPersonExampleMap.umap'
[2017.01.12-15.07.40:645][783]LogSavePackage:Display: Finished SavePackage ../../../../../../Users/Łukasz/Documents/Unreal Projects/MyProject/Content/ThirdPersonBP/Maps/ThirdPersonExampleMap.umap
[2017.01.12-15.07.40:664][783]LogFileHelpers: Saving map 'ThirdPersonExampleMap' took 0.301
[2017.01.12-15.07.40:806][783]LogSavePackage: Save=133.40ms
[2017.01.12-15.07.40:807][783]LogSavePackage: Moving '../../../../../../Users/Łukasz/Documents/Unreal Projects/MyProject/Saved/ThirdPersonExampleMap_BuiltData51E3F6DD4016333A33BD24950715678F.tmp' to '../../../../../../Users/Łukasz/Documents/Unreal Projects/MyProject/Content/ThirdPersonBP/Maps/ThirdPersonExampleMap_BuiltData.uasset'
[2017.01.12-15.07.40:811][783]LogSavePackage:Display: Finished SavePackage ../../../../../../Users/Łukasz/Documents/Unreal Projects/MyProject/Content/ThirdPersonBP/Maps/ThirdPersonExampleMap_BuiltData.uasset
[2017.01.12-15.07.46:672][803]UATHelper: Packaging (Windows (64-bit)): Running AutomationTool...
[2017.01.12-15.07.46:890][829]UATHelper: Packaging (Windows (64-bit)): Automation.ParseCommandLine: Parsing command line: -ScriptsForProject="C:/Users/Łukasz/Documents/Unreal Projects/MyProject/MyProject.uproject" BuildCookRun -nocompile -nocompileeditor -installed -nop4 -project="C:/Users/Łukasz/Documents/Unreal Projects/MyProject/MyProject.uproject" -cook -stage -archive -archivedirectory=C:/Users/Łukasz/Desktop/GraPreAlpha -package -clientconfig=Development -ue4exe=UE4Editor-Cmd.exe -pak -prereqs -nodebuginfo -targetplatform=Win64 -build -CrashReporter -utf8output
[2017.01.12-15.07.46:890][829]UATHelper: Packaging (Windows (64-bit)): Automation.Process: Setting up command environment.
[2017.01.12-15.07.47:114][856]UATHelper: Packaging (Windows (64-bit)): BuildCookRun.SetupParams: Setting up ProjectParams for C:\Users\Łukasz\Documents\Unreal Projects\MyProject\MyProject.uproject
[2017.01.12-15.07.47:592][913]UATHelper: Packaging (Windows (64-bit)): Project.Build: ********** BUILD COMMAND STARTED **********
[2017.01.12-15.07.47:619][916]UATHelper: Packaging (Windows (64-bit)): CommandUtils.Run: Run: C:\Program Files (x86)\Epic Games\4.14\Engine\Binaries\DotNET\UnrealBuildTool.exe MyProject Win64 Development -Project="C:\Users\Łukasz\Documents\Unreal Projects\MyProject\MyProject.uproject"  "C:\Users\Łukasz\Documents\Unreal Projects\MyProject\MyProject.uproject"  -remoteini="C:\Users\Łukasz\Documents\Unreal Projects\MyProject" -noxge -generatemanifest -NoHotReload
[2017.01.12-15.07.48:757][ 24]UATHelper: Packaging (Windows (64-bit)): CommandUtils.Run: Run: Took 1,1330648s to run UnrealBuildTool.exe, ExitCode=0
[2017.01.12-15.07.48:773][ 25]UATHelper: Packaging (Windows (64-bit)): CommandUtils.Run: Run: C:\Program Files (x86)\Epic Games\4.14\Engine\Binaries\DotNET\UnrealBuildTool.exe MyProject Win64 Development -Project="C:\Users\Łukasz\Documents\Unreal Projects\MyProject\MyProject.uproject"  "C:\Users\Łukasz\Documents\Unreal Projects\MyProject\MyProject.uproject"  -remoteini="C:\Users\Łukasz\Documents\Unreal Projects\MyProject" -noxge -NoHotReload -ignorejunk
[2017.01.12-15.07.49:116][ 63]UATHelper: Packaging (Windows (64-bit)): UnrealBuildTool: Creating makefile for MyProject (no existing makefile)
[2017.01.12-15.07.49:470][105]UATHelper: Packaging (Windows (64-bit)): UnrealBuildTool: Performing full C++ include scan (no include cache file)
[2017.01.12-15.07.52:540][470]UATHelper: Packaging (Windows (64-bit)): UnrealBuildTool: ERROR: Windows SDK v8.1 must be installed in order to build this target.
[2017.01.12-15.07.52:658][483]UATHelper: Packaging (Windows (64-bit)): CommandUtils.Run: Run: Took 3,8772218s to run UnrealBuildTool.exe, ExitCode=5
[2017.01.12-15.07.52:659][483]UATHelper: Packaging (Windows (64-bit)): Program.Main: ERROR: AutomationTool terminated with exception: AutomationTool.CommandUtils+CommandFailedException: Command failed (Result:5): C:\Program Files (x86)\Epic Games\4.14\Engine\Binaries\DotNET\UnrealBuildTool.exe MyProject Win64 Development -Project="C:\Users\Łukasz\Documents\Unreal Projects\MyProject\MyProject.uproject"  "C:\Users\Łukasz\Documents\Unreal Projects\MyProject\MyProject.uproject"  -remoteini="C:\Users\Łukasz\Documents\Unreal Projects\MyProject" -noxge -NoHotReload -ignorejunk. See logfile for details: 'UnrealBuildTool-2017.01.12-16.07.48.txt' 
[2017.01.12-15.07.52:659][483]UATHelper: Packaging (Windows (64-bit)):    w AutomationTool.CommandUtils.RunAndLog(String App, String CommandLine, String Logfile, Int32 MaxSuccessCode, String Input, ERunOptions Options, Dictionary`2 EnvVars, SpewFilterCallbackType SpewFilterCallback)
[2017.01.12-15.07.52:659][483]UATHelper: Packaging (Windows (64-bit)):    w AutomationTool.CommandUtils.RunAndLog(CommandEnvironment Env, String App, String CommandLine, String LogName, Int32 MaxSuccessCode, String Input, ERunOptions Options, Dictionary`2 EnvVars, SpewFilterCallbackType SpewFilterCallback)
[2017.01.12-15.07.52:659][483]UATHelper: Packaging (Windows (64-bit)):    w AutomationTool.CommandUtils.RunUBT(CommandEnvironment Env, String UBTExecutable, String CommandLine, String LogName, Dictionary`2 EnvVars)
[2017.01.12-15.07.52:659][483]UATHelper: Packaging (Windows (64-bit)):    w AutomationTool.CommandUtils.RunUBT(CommandEnvironment Env, String UBTExecutable, FileReference Project, String Target, String Platform, String Config, String AdditionalArgs, String LogName, Dictionary`2 EnvVars)
[2017.01.12-15.07.52:660][483]UATHelper: Packaging (Windows (64-bit)):    w AutomationTool.UE4Build.BuildWithUBT(String TargetName, UnrealTargetPlatform TargetPlatform, String Config, FileReference UprojectPath, Boolean ForceMonolithic, Boolean ForceNonUnity, Boolean ForceDebugInfo, Boolean ForceFlushMac, Boolean DisableXGE, String InAddArgs, Boolean ForceUnity, Dictionary`2 EnvVars)
[2017.01.12-15.07.52:660][483]UATHelper: Packaging (Windows (64-bit)):    w AutomationTool.UE4Build.Build(BuildAgenda Agenda, Nullable`1 InDeleteBuildProducts, Boolean InUpdateVersionFiles, Boolean InForceNoXGE, Boolean InUseParallelExecutor, Boolean InForceNonUnity, Boolean InForceUnity, Boolean InShowProgress, Dictionary`2 PlatformEnvVars, Nullable`1 InChangelistNumberOverride, Dictionary`2 InTargetToManifest)
[2017.01.12-15.07.52:660][483]UATHelper: Packaging (Windows (64-bit)):    w Project.Build(BuildCommand Command, ProjectParams Params, Int32 WorkingCL, ProjectBuildTargets TargetMask)
[2017.01.12-15.07.52:660][483]UATHelper: Packaging (Windows (64-bit)):    w BuildCookRun.DoBuildCookRun(ProjectParams Params)
[2017.01.12-15.07.52:660][483]UATHelper: Packaging (Windows (64-bit)):    w BuildCookRun.ExecuteBuild()
[2017.01.12-15.07.52:660][483]UATHelper: Packaging (Windows (64-bit)):    w AutomationTool.BuildCommand.Execute()
[2017.01.12-15.07.52:660][483]UATHelper: Packaging (Windows (64-bit)):    w AutomationTool.Automation.Execute(List`1 CommandsToExecute, CaselessDictionary`1 Commands)
[2017.01.12-15.07.52:660][483]UATHelper: Packaging (Windows (64-bit)):    w AutomationTool.Automation.Process(String[] Arguments)
[2017.01.12-15.07.52:660][483]UATHelper: Packaging (Windows (64-bit)):    w AutomationTool.Program.MainProc(Object Param)
[2017.01.12-15.07.52:661][483]UATHelper: Packaging (Windows (64-bit)):    w AutomationTool.InternalUtils.RunSingleInstance(Func`2 Main, Object Param)
[2017.01.12-15.07.52:661][483]UATHelper: Packaging (Windows (64-bit)):    w AutomationTool.Program.Main()
[2017.01.12-15.07.52:661][483]UATHelper: Packaging (Windows (64-bit)): Program.Main: AutomationTool exiting with ExitCode=5 (5)
[2017.01.12-15.07.52:671][484]UATHelper: Packaging (Windows (64-bit)): BUILD FAILED
[2017.01.12-15.07.52:672][484]PackagingResults:Error: Error Unknown Error
[2017.01.12-15.09.39:062][344]LogSlate: Only BGRA pngs, bmps or icos are supported in by External Image Picker
[2017.01.12-15.09.39:328][362]LogTemp:Display: Executing iPhonePackager certificates Engine -bundlename com.YourCompany.MyProject

[2017.01.12-15.09.39:328][362]LogTemp:Display: CWD: C:\Program Files (x86)\Epic Games\4.14\Engine\Binaries\DotNet\IOS

[2017.01.12-15.09.39:328][362]LogTemp:Display: Initial Dir: C:\Program Files (x86)\Epic Games\4.14

[2017.01.12-15.09.39:328][362]LogTemp:Display: Env CWD: C:\Program Files (x86)\Epic Games\4.14\Engine\Binaries\DotNet\IOS

[2017.01.12-15.09.39:328][362]LogTemp:Display: BranchPath = ?UKASZ-KOMPUTER/C/Program Files (x86)/Epic Games/4.14/Engine/Binaries --- GameBranchPath = ?UKASZ-KOMPUTER/C/Program Files (x86)/Epic Games/4.14/Engine/Binaries

[2017.01.12-15.09.39:623][397]LogTemp:Display: IPP ERROR: Application exception: System.IO.DirectoryNotFoundException: Nie mo?na odnale?? cz??ci ?cie?ki ?C:\Users\?ukasz\AppData\Local\Apple Computer\MobileDevice\Provisioning Profiles?.

[2017.01.12-15.09.39:623][397]LogTemp:Display:    w System.IO.__Error.WinIOError(Int32 errorCode, String maybeFullPath)

[2017.01.12-15.09.39:623][397]LogTemp:Display:    w System.IO.FileSystemEnumerableIterator`1.CommonInit()

[2017.01.12-15.09.39:623][397]LogTemp:Display:    w System.IO.FileSystemEnumerableIterator`1..ctor(String path, String originalUserPath, String searchPattern, SearchOption searchOption, SearchResultHandler`1 resultHandler, Boolean checkHost)

[2017.01.12-15.09.39:623][397]LogTemp:Display:    w System.IO.Directory.EnumerateFiles(String path, String searchPattern)

[2017.01.12-15.09.39:623][397]LogTemp:Display:    w iPhonePackager.CodeSignatureBuilder.FindProvisions(String CFBundleIdentifier)

[2017.01.12-15.09.39:623][397]LogTemp:Display:    w iPhonePackager.Program.Main(String[] args)

[2017.01.12-15.10.32:089][ 28]UATHelper: Zip Project Task (Windows): Running AutomationTool...
[2017.01.12-15.10.32:422][ 29]UATHelper: Zip Project Task (Windows): Automation.ParseCommandLine: Parsing command line: ZipProjectUp -nocompile -nocompileeditor -project="C:/Users/?ukasz/Documents/Unreal Projects/MyProject/" -install=C:/Users/?ukasz/Desktop/GraPreAlpha/MyProject.zip
[2017.01.12-15.10.32:422][ 29]UATHelper: Zip Project Task (Windows): Automation.Process: Setting up command environment.
[2017.01.12-15.10.32:422][ 29]UATHelper: Zip Project Task (Windows): ZipProjectUp.ExecuteBuild: Started zipping project up
[2017.01.12-15.10.32:422][ 29]UATHelper: Zip Project Task (Windows): ZipProjectUp.ExecuteBuild: Project directory: C:\Users\?ukasz\Documents\Unreal Projects\MyProject
[2017.01.12-15.10.32:422][ 29]UATHelper: Zip Project Task (Windows): ZipProjectUp.ExecuteBuild: Install directory: C:/Users/?ukasz/Desktop/GraPreAlpha/MyProject.zip
[2017.01.12-15.10.32:422][ 29]UATHelper: Zip Project Task (Windows): ZipProjectUp.ExecuteBuild: Packaging up the project...
[2017.01.12-15.11.08:354][206]UATHelper: Zip Project Task (Windows): ZipProjectUp.ExecuteBuild: Completed zipping project up
[2017.01.12-15.11.08:354][206]UATHelper: Zip Project Task (Windows): Automation.Execute: BUILD SUCCESSFUL
[2017.01.12-15.11.08:363][207]UATHelper: Zip Project Task (Windows): Program.Main: AutomationTool exiting with ExitCode=0 (Success)
[2017.01.12-15.11.14:347][916]LogDirectoryWatcher:Warning: Failed to begin reading directory changes for ../../../../../../Users/Łukasz/Documents/Unreal Projects/MyProject/Plugins/. Error: Nie można odnaleźć określonego pliku. (0x00000002)
[2017.01.12-15.12.45:812][642]LogDirectoryWatcher: A directory notification for '../../../Engine/Plugins/' was aborted.
[2017.01.12-15.12.57:059][698]Cmd: QUIT_EDITOR
[2017.01.12-15.12.57:131][698]LogExit: Preparing to exit.
[2017.01.12-15.12.57:359][698]LogDirectoryWatcher: A directory notification for 'C:/Users/Łukasz/Documents/Unreal Projects/MyProject/Content/' was aborted.
[2017.01.12-15.12.57:378][698]LogExit: Editor shut down
[2017.01.12-15.12.57:378][698]LogExit: Transaction tracking system shut down
[2017.01.12-15.12.57:440][698]LogObj: Freed 0b from 0 cluster array pools.
[2017.01.12-15.12.57:440][698]LogExit: Object subsystem successfully closed.
[2017.01.12-15.12.57:452][698]LogD3D11RHI: Shutdown
[2017.01.12-15.12.57:452][698]LogD3D11RHI: CleanupD3DDevice
[2017.01.12-15.12.57:495][698]LogD3D11RHI: ~FD3D11DynamicRHI
[2017.01.12-15.12.57:507][698]LogHttp:Display: Http module shutting down, but needs to wait on 1 outstanding Http requests:
[2017.01.12-15.12.57:507][698]LogHttp:Display: 	verb=[POST] url=[https://datarouter.ol.epicgames.com/datarouter/api/v1/public/data?SessionID=%7BA4113742-4709-162F-7045-92ABCC30543D%7D&AppID=UEEditor.Rocket.Release&AppVersion=4.14.3-3249277%2B%2B%2BUE4%2BRelease-4.14&UserID=4d22f81d4492e5cb20365e84ae6c6504%7C1e18b69d3f7c47bca43b5659319531a1%7C0c569da6-d6bc-4677-906a-af5aec41c3f1&AppEnvironment=datacollector-binary&UploadType=eteventstream] status=Processing
[2017.01.12-15.12.57:524][698]LogModuleManager: Shutting down and abandoning module ExternalImagePicker (246)
[2017.01.12-15.12.57:524][698]LogModuleManager: Shutting down and abandoning module HierarchicalLODUtilities (245)
[2017.01.12-15.12.57:524][698]LogModuleManager: Shutting down and abandoning module UATHelper (244)
[2017.01.12-15.12.57:524][698]LogModuleManager: Shutting down and abandoning module HierarchicalLODOutliner (243)
[2017.01.12-15.12.57:524][698]LogModuleManager: Shutting down and abandoning module CrashTracker (242)
[2017.01.12-15.12.57:524][698]LogModuleManager: Shutting down and abandoning module SceneOutliner (241)
[2017.01.12-15.12.57:524][698]LogModuleManager: Shutting down and abandoning module WidgetCarousel (240)
[2017.01.12-15.12.57:524][698]LogModuleManager: Shutting down and abandoning module AddContentDialog (239)
[2017.01.12-15.12.57:524][698]LogDirectoryWatcher: A directory notification for 'C:/Program Files (x86)/Epic Games/4.14/FeaturePacks/' was aborted.
[2017.01.12-15.12.57:525][698]LogModuleManager: Shutting down and abandoning module GameplayTags (238)
[2017.01.12-15.12.57:525][698]LogModuleManager: Shutting down and abandoning module EditorWidgets (237)
[2017.01.12-15.12.57:525][698]LogModuleManager: Shutting down and abandoning module CollectionManager (236)
[2017.01.12-15.12.57:525][698]LogDirectoryWatcher: A directory notification for 'C:/Users/Łukasz/Documents/Unreal Projects/MyProject/Content/Collections/' was aborted.
[2017.01.12-15.12.57:525][698]LogDirectoryWatcher: A directory notification for 'C:/Users/Łukasz/Documents/Unreal Projects/MyProject/Content/Developers/Łukasz/Collections/' was aborted.
[2017.01.12-15.12.57:525][698]LogDirectoryWatcher: A directory notification for 'C:/Users/Łukasz/Documents/Unreal Projects/MyProject/Saved/Collections/' was aborted.
[2017.01.12-15.12.57:525][698]LogModuleManager: Shutting down and abandoning module StatsViewer (235)
[2017.01.12-15.12.57:525][698]LogModuleManager: Shutting down and abandoning module FoliageEdit (234)
[2017.01.12-15.12.57:525][698]LogModuleManager: Shutting down and abandoning module LandscapeEditor (233)
[2017.01.12-15.12.57:544][698]LogModuleManager: Shutting down and abandoning module SceneDepthPickerMode (232)
[2017.01.12-15.12.57:544][698]LogModuleManager: Shutting down and abandoning module ActorPickerMode (231)
[2017.01.12-15.12.57:544][698]LogModuleManager: Shutting down and abandoning module GeometryMode (230)
[2017.01.12-15.12.57:544][698]LogModuleManager: Shutting down and abandoning module TextureAlignMode (229)
[2017.01.12-15.12.57:544][698]LogModuleManager: Shutting down and abandoning module BspMode (228)
[2017.01.12-15.12.57:544][698]LogModuleManager: Shutting down and abandoning module HardwareSurvey (227)
[2017.01.12-15.12.57:544][698]LogModuleManager: Shutting down and abandoning module SequenceRecorderSections (226)
[2017.01.12-15.12.57:544][698]LogModuleManager: Shutting down and abandoning module AutomationWorker (225)
[2017.01.12-15.12.57:544][698]LogModuleManager: Shutting down and abandoning module MatineeToLevelSequence (224)
[2017.01.12-15.12.57:544][698]LogModuleManager: Shutting down and abandoning module PlacementMode (223)
[2017.01.12-15.12.57:544][698]LogModuleManager: Shutting down and abandoning module LevelSequenceEditor (222)
[2017.01.12-15.12.57:558][698]LogModuleManager: Shutting down and abandoning module WmfMediaFactory (221)
[2017.01.12-15.12.57:558][698]LogModuleManager: Shutting down and abandoning module WmfMediaEditor (220)
[2017.01.12-15.12.57:559][698]LogModuleManager: Shutting down and abandoning module AvfMediaFactory (219)
[2017.01.12-15.12.57:559][698]LogModuleManager: Shutting down and abandoning module AvfMediaEditor (218)
[2017.01.12-15.12.57:559][698]LogModuleManager: Shutting down and abandoning module Media (217)
[2017.01.12-15.12.57:559][698]LogModuleManager: Shutting down and abandoning module AndroidMediaFactory (216)
[2017.01.12-15.12.57:559][698]LogModuleManager: Shutting down and abandoning module AndroidMediaEditor (215)
[2017.01.12-15.12.57:559][698]LogModuleManager: Shutting down and abandoning module CharacterAI (214)
[2017.01.12-15.12.57:559][698]LogModuleManager: Shutting down and abandoning module SequenceRecorder (213)
[2017.01.12-15.12.57:559][698]LogModuleManager: Shutting down and abandoning module AudioCapture (212)
[2017.01.12-15.12.57:559][698]LogModuleManager: Shutting down and abandoning module SmartSnapping (211)
[2017.01.12-15.12.57:559][698]LogModuleManager: Shutting down and abandoning module SessionServices (210)
[2017.01.12-15.12.57:559][698]LogModuleManager: Shutting down and abandoning module ViewportSnapping (209)
[2017.01.12-15.12.57:559][698]LogModuleManager: Shutting down and abandoning module ViewportInteraction (208)
[2017.01.12-15.12.57:559][698]LogModuleManager: Shutting down and abandoning module LogVisualizer (207)
[2017.01.12-15.12.57:559][698]LogModuleManager: Shutting down and abandoning module GameProjectGeneration (206)
[2017.01.12-15.12.57:559][698]LogModuleManager: Shutting down and abandoning module IntroTutorials (205)
[2017.01.12-15.12.57:559][698]LogModuleManager: Shutting down and abandoning module EditorLiveStreaming (204)
[2017.01.12-15.12.57:559][698]LogModuleManager: Shutting down and abandoning module IOSPlatformEditor (203)
[2017.01.12-15.12.57:559][698]LogModuleManager: Shutting down and abandoning module HTML5PlatformEditor (202)
[2017.01.12-15.12.57:559][698]LogModuleManager: Shutting down and abandoning module AndroidDeviceDetection (201)
[2017.01.12-15.12.58:362][698]LogModuleManager: Shutting down and abandoning module AndroidPlatformEditor (200)
[2017.01.12-15.12.58:362][698]LogModuleManager: Shutting down and abandoning module IOSRuntimeSettings (199)
[2017.01.12-15.12.58:362][698]LogModuleManager: Shutting down and abandoning module AndroidRuntimeSettings (198)
[2017.01.12-15.12.58:362][698]LogModuleManager: Shutting down and abandoning module InputBindingEditor (197)
[2017.01.12-15.12.58:362][698]LogModuleManager: Shutting down and abandoning module NiagaraEditor (196)
[2017.01.12-15.12.58:362][698]LogModuleManager: Shutting down and abandoning module MergeActors (195)
[2017.01.12-15.12.58:362][698]LogModuleManager: Shutting down and abandoning module SizeMap (194)
[2017.01.12-15.12.58:362][698]LogModuleManager: Shutting down and abandoning module TreeMap (193)
[2017.01.12-15.12.58:362][698]LogModuleManager: Shutting down and abandoning module ReferenceViewer (192)
[2017.01.12-15.12.58:362][698]LogModuleManager: Shutting down and abandoning module LocalizationService (191)
[2017.01.12-15.12.58:362][698]LogModuleManager: Shutting down and abandoning module LocalizationDashboard (190)
[2017.01.12-15.12.58:362][698]LogModuleManager: Shutting down and abandoning module HardwareTargeting (189)
[2017.01.12-15.12.58:362][698]LogModuleManager: Shutting down and abandoning module DeviceProfileEditor (188)
[2017.01.12-15.12.58:362][698]LogModuleManager: Shutting down and abandoning module UndoHistory (187)
[2017.01.12-15.12.58:362][698]LogModuleManager: Shutting down and abandoning module UserFeedback (186)
[2017.01.12-15.12.58:362][698]LogModuleManager: Shutting down and abandoning module XmlParser (185)
[2017.01.12-15.12.58:362][698]LogModuleManager: Shutting down and abandoning module Blutility (184)
[2017.01.12-15.12.58:362][698]LogModuleManager: Shutting down and abandoning module ProjectTargetPlatformEditor (183)
[2017.01.12-15.12.58:363][698]LogModuleManager: Shutting down and abandoning module ProjectSettingsViewer (182)
[2017.01.12-15.12.58:363][698]LogModuleManager: Shutting down and abandoning module EditorSettingsViewer (181)
[2017.01.12-15.12.58:363][698]LogModuleManager: Shutting down and abandoning module SettingsEditor (180)
[2017.01.12-15.12.58:363][698]LogModuleManager: Shutting down and abandoning module ProjectLauncher (179)
[2017.01.12-15.12.58:363][698]LogModuleManager: Shutting down and abandoning module SessionFrontend (178)
[2017.01.12-15.12.58:363][698]LogModuleManager: Shutting down and abandoning module ProfilerClient (177)
[2017.01.12-15.12.58:363][698]LogModuleManager: Shutting down and abandoning module TargetDeviceServices (176)
[2017.01.12-15.12.58:363][698]LogModuleManager: Shutting down and abandoning module DeviceManager (175)
[2017.01.12-15.12.58:413][698]LogModuleManager: Shutting down and abandoning module AutomationController (174)
[2017.01.12-15.12.58:413][698]LogModuleManager: Shutting down and abandoning module AutomationWindow (173)
[2017.01.12-15.12.58:413][698]LogModuleManager: Shutting down and abandoning module Layers (172)
[2017.01.12-15.12.58:435][698]LogModuleManager: Shutting down and abandoning module ComponentVisualizers (171)
[2017.01.12-15.12.58:435][698]LogModuleManager: Shutting down and abandoning module DetailCustomizations (170)
[2017.01.12-15.12.58:435][698]LogModuleManager: Shutting down and abandoning module PackagesDialog (169)
[2017.01.12-15.12.58:435][698]LogModuleManager: Shutting down and abandoning module AnimGraph (168)
[2017.01.12-15.12.58:435][698]LogModuleManager: Shutting down and abandoning module Persona (167)
[2017.01.12-15.12.58:435][698]LogModuleManager: Shutting down and abandoning module Kismet (166)
[2017.01.12-15.12.58:436][698]LogModuleManager: Shutting down and abandoning module GraphEditor (165)
[2017.01.12-15.12.58:436][698]LogModuleManager: Shutting down and abandoning module ClassViewer (164)
[2017.01.12-15.12.58:436][698]LogModuleManager: Shutting down and abandoning module Toolbox (163)
[2017.01.12-15.12.58:436][698]LogModuleManager: Shutting down and abandoning module ModuleUI (162)
[2017.01.12-15.12.58:436][698]LogModuleManager: Shutting down and abandoning module MovieSceneTools (161)
[2017.01.12-15.12.58:436][698]LogModuleManager: Shutting down and abandoning module OutputLog (160)
[2017.01.12-15.12.58:436][698]LogModuleManager: Shutting down and abandoning module GammaUI (159)
[2017.01.12-15.12.58:436][698]LogModuleManager: Shutting down and abandoning module Documentation (158)
[2017.01.12-15.12.58:436][698]LogModuleManager: Shutting down and abandoning module Niagara (157)
[2017.01.12-15.12.58:436][698]LogModuleManager: Shutting down and abandoning module StreamingPauseRendering (156)
[2017.01.12-15.12.58:436][698]LogModuleManager: Shutting down and abandoning module AnalyticsET (155)
[2017.01.12-15.12.58:436][698]LogModuleManager: Shutting down and abandoning module PortalServices (154)
[2017.01.12-15.12.58:436][698]LogModuleManager: Shutting down and abandoning module PortalRpc (153)
[2017.01.12-15.12.58:436][698]LogModuleManager: Shutting down and abandoning module MessagingRpc (152)
[2017.01.12-15.12.58:436][698]LogModuleManager: Shutting down and abandoning module GameplayDebugger (151)
[2017.01.12-15.12.58:436][698]LogModuleManager: Shutting down and abandoning module AITestSuite (150)
[2017.01.12-15.12.58:436][698]LogModuleManager: Shutting down and abandoning module AIModule (149)
[2017.01.12-15.12.58:436][698]LogModuleManager: Shutting down and abandoning module ProfilerService (148)
[2017.01.12-15.12.58:553][698]LogModuleManager: Shutting down and abandoning module TaskGraph (147)
[2017.01.12-15.12.58:553][698]LogModuleManager: Shutting down and abandoning module SlateRemote (146)
[2017.01.12-15.12.58:553][698]LogModuleManager: Shutting down and abandoning module SteamVRController (145)
[2017.01.12-15.12.58:553][698]LogModuleManager: Shutting down and abandoning module SteamVR (144)
[2017.01.12-15.12.58:553][698]LogModuleManager: Shutting down and abandoning module ProceduralMeshComponentEditor (143)
[2017.01.12-15.12.58:553][698]LogModuleManager: Shutting down and abandoning module ProceduralMeshComponent (142)
[2017.01.12-15.12.58:553][698]LogModuleManager: Shutting down and abandoning module OculusLibrary (141)
[2017.01.12-15.12.58:553][698]LogModuleManager: Shutting down and abandoning module OculusInput (140)
[2017.01.12-15.12.58:553][698]LogModuleManager: Shutting down and abandoning module MobilePatchingUtils (139)
[2017.01.12-15.12.58:554][698]LogModuleManager: Shutting down and abandoning module CustomMeshComponent (138)
[2017.01.12-15.12.58:554][698]LogModuleManager: Shutting down and abandoning module CableComponent (137)
[2017.01.12-15.12.58:554][698]LogModuleManager: Shutting down and abandoning module ArchVisCharacter (136)
[2017.01.12-15.12.58:554][698]LogModuleManager: Shutting down and abandoning module MediaPlayerEditor (134)
[2017.01.12-15.12.58:554][698]LogModuleManager: Shutting down and abandoning module LowEntryExtendedStandardLibraryEditor (133)
[2017.01.12-15.12.58:554][698]LogModuleManager: Shutting down and abandoning module HTML5Networking (132)
[2017.01.12-15.12.58:554][698]LogModuleManager: Shutting down and abandoning module GeometryCacheEd (131)
[2017.01.12-15.12.58:554][698]LogModuleManager: Shutting down and abandoning module GeometryCache (130)
[2017.01.12-15.12.58:554][698]LogModuleManager: Shutting down and abandoning module AlembicLibrary (129)
[2017.01.12-15.12.58:554][698]LogModuleManager: Shutting down and abandoning module AlembicImporter (128)
[2017.01.12-15.12.58:554][698]LogModuleManager: Shutting down and abandoning module SuperSearch (127)
[2017.01.12-15.12.58:554][698]LogModuleManager: Shutting down and abandoning module SuperSearchEditor (126)
[2017.01.12-15.12.58:554][698]LogModuleManager: Shutting down and abandoning module SpeedTreeImporter (125)
[2017.01.12-15.12.58:554][698]LogModuleManager: Shutting down and abandoning module PluginBrowser (124)
[2017.01.12-15.12.58:554][698]LogModuleManager: Shutting down and abandoning module MobileLauncherProfileWizard (123)
[2017.01.12-15.12.58:554][698]LogModuleManager: Shutting down and abandoning module EpicSurvey (122)
[2017.01.12-15.12.58:554][698]LogModuleManager: Shutting down and abandoning module DesktopPlatform (121)
[2017.01.12-15.12.58:554][698]LogModuleManager: Shutting down and abandoning module VisualStudioSourceCodeAccess (120)
[2017.01.12-15.12.58:554][698]LogModuleManager: Shutting down and abandoning module UObjectPlugin (119)
[2017.01.12-15.12.58:554][698]LogModuleManager: Shutting down and abandoning module SubversionSourceControl (118)
[2017.01.12-15.12.58:554][698]LogModuleManager: Shutting down and abandoning module PerforceSourceControl (117)
[2017.01.12-15.12.58:554][698]LogModuleManager: Shutting down and abandoning module SourceControl (116)
[2017.01.12-15.12.58:554][698]LogModuleManager: Shutting down and abandoning module GitSourceControl (115)
[2017.01.12-15.12.58:554][698]LogModuleManager: Shutting down and abandoning module LightPropagationVolumeEditor (114)
[2017.01.12-15.12.58:554][698]LogModuleManager: Shutting down and abandoning module PaperTiledImporter (113)
[2017.01.12-15.12.58:554][698]LogModuleManager: Shutting down and abandoning module PaperSpriteSheetImporter (112)
[2017.01.12-15.12.58:554][698]LogModuleManager: Shutting down and abandoning module MeshPaint (111)
[2017.01.12-15.12.58:554][698]LogModuleManager: Shutting down and abandoning module PixelInspectorModule (110)
[2017.01.12-15.12.58:554][698]LogModuleManager: Shutting down and abandoning module HotReload (109)
[2017.01.12-15.12.58:555][698]LogModuleManager: Shutting down and abandoning module MainFrame (108)
[2017.01.12-15.12.58:555][698]LogModuleManager: Shutting down and abandoning module LevelEditor (107)
[2017.01.12-15.12.58:556][698]LogModuleManager: Shutting down and abandoning module ContentBrowser (106)
[2017.01.12-15.12.58:557][698]LogModuleManager: Shutting down and abandoning module Paper2DEditor (105)
[2017.01.12-15.12.58:557][698]LogModuleManager: Shutting down and abandoning module UdpMessaging (104)
[2017.01.12-15.12.58:657][698]LogModuleManager: Shutting down and abandoning module TcpMessaging (103)
[2017.01.12-15.12.58:757][698]LogModuleManager: Shutting down and abandoning module LowEntryExtendedStandardLibrary (102)
[2017.01.12-15.12.58:757][698]LogModuleManager: Shutting down and abandoning module LightPropagationVolumeRuntime (101)
[2017.01.12-15.12.58:757][698]LogModuleManager: Shutting down and abandoning module Paper2D (100)
[2017.01.12-15.12.58:757][698]LogModuleManager: Shutting down and abandoning module WindowsMoviePlayer (99)
[2017.01.12-15.12.58:757][698]LogModuleManager: Shutting down and abandoning module WmfMedia (98)
[2017.01.12-15.12.58:777][698]LogModuleManager: Shutting down and abandoning module MediaAssets (97)
[2017.01.12-15.12.58:777][698]LogModuleManager: Shutting down and abandoning module GameLiveStreaming (96)
[2017.01.12-15.12.58:777][698]LogModuleManager: Shutting down and abandoning module GameplayTagsEditor (95)
[2017.01.12-15.12.58:777][698]LogModuleManager: Shutting down and abandoning module VREditor (94)
[2017.01.12-15.12.58:777][698]LogModuleManager: Shutting down and abandoning module GameplayTasksEditor (93)
[2017.01.12-15.12.58:777][698]LogModuleManager: Shutting down and abandoning module BehaviorTreeEditor (92)
[2017.01.12-15.12.58:777][698]LogModuleManager: Shutting down and abandoning module FunctionalTesting (91)
[2017.01.12-15.12.58:777][698]LogModuleManager: Shutting down and abandoning module CollisionAnalyzer (90)
[2017.01.12-15.12.58:777][698]LogModuleManager: Shutting down and abandoning module Sequencer (89)
[2017.01.12-15.12.58:777][698]LogModuleManager: Shutting down and abandoning module WorkspaceMenuStructure (88)
[2017.01.12-15.12.58:777][698]LogModuleManager: Shutting down and abandoning module MessageLog (87)
[2017.01.12-15.12.58:777][698]LogModuleManager: Shutting down and abandoning module AssetTools (86)
[2017.01.12-15.12.58:777][698]LogModuleManager: Shutting down and abandoning module UMGEditor (85)
[2017.01.12-15.12.58:777][698]LogModuleManager: Shutting down and abandoning module UMG (84)
[2017.01.12-15.12.58:777][698]LogModuleManager: Shutting down and abandoning module SlateReflector (83)
[2017.01.12-15.12.58:778][698]LogModuleManager: Shutting down and abandoning module Slate (82)
[2017.01.12-15.12.58:778][698]LogModuleManager: Shutting down and abandoning module EditorStyle (81)
[2017.01.12-15.12.58:780][698]LogModuleManager: Shutting down and abandoning module SourceCodeAccess (80)
[2017.01.12-15.12.58:780][698]LogModuleManager: Shutting down and abandoning module HeadMountedDisplay (79)
[2017.01.12-15.12.58:780][698]LogModuleManager: Shutting down and abandoning module XAudio2 (78)
[2017.01.12-15.12.58:780][698]LogModuleManager: Shutting down and abandoning module Networking (76)
[2017.01.12-15.12.58:780][698]LogModuleManager: Shutting down and abandoning module Core (75)
[2017.01.12-15.12.58:780][698]LogModuleManager: Shutting down and abandoning module DirectoryWatcher (74)
[2017.01.12-15.12.58:780][698]LogDirectoryWatcher: A directory notification for '../../../Engine/Content/' was aborted.
[2017.01.12-15.12.58:780][698]LogDirectoryWatcher: A directory notification for '../../../../../../Users/Łukasz/Documents/Unreal Projects/MyProject/Content/' was aborted.
[2017.01.12-15.12.58:781][698]LogDirectoryWatcher: A directory notification for '../../../Engine/Plugins/2D/Paper2D/Content/' was aborted.
[2017.01.12-15.12.58:781][698]LogDirectoryWatcher: A directory notification for '../../../Engine/Plugins/Marketplace/LowEntryExtStdLib/Content/' was aborted.
[2017.01.12-15.12.58:781][698]LogModuleManager: Shutting down and abandoning module AssetRegistry (73)
[2017.01.12-15.12.58:973][698]LogModuleManager: Shutting down and abandoning module KismetCompiler (72)
[2017.01.12-15.12.58:973][698]LogModuleManager: Shutting down and abandoning module PhysXFormats (71)
[2017.01.12-15.12.58:973][698]LogModuleManager: Shutting down and abandoning module SimplygonSwarm (70)
[2017.01.12-15.12.58:973][698]LogModuleManager: Shutting down and abandoning module SimplygonMeshReduction (69)
[2017.01.12-15.12.58:973][698]LogModuleManager: Shutting down and abandoning module QuadricMeshReduction (68)
[2017.01.12-15.12.58:973][698]LogModuleManager: Shutting down and abandoning module PropertyEditor (67)
[2017.01.12-15.12.58:973][698]LogModuleManager: Shutting down and abandoning module MeshUtilities (66)
[2017.01.12-15.12.58:973][698]LogModuleManager: Shutting down and abandoning module DerivedDataCache (65)
[2017.01.12-15.12.59:054][698]LogDerivedDataCache: Shutdown
[2017.01.12-15.12.59:054][698]LogModuleManager: Shutting down and abandoning module VulkanShaderFormat (64)
[2017.01.12-15.12.59:054][698]LogModuleManager: Shutting down and abandoning module ShaderFormatOpenGL (63)
[2017.01.12-15.12.59:054][698]LogModuleManager: Shutting down and abandoning module ShaderFormatD3D (62)
[2017.01.12-15.12.59:054][698]LogModuleManager: Shutting down and abandoning module MetalShaderFormat (61)
[2017.01.12-15.12.59:054][698]LogModuleManager: Shutting down and abandoning module TextureFormatUncompressed (60)
[2017.01.12-15.12.59:054][698]LogModuleManager: Shutting down and abandoning module TextureFormatPVR (59)
[2017.01.12-15.12.59:054][698]LogModuleManager: Shutting down and abandoning module TextureFormatDXT (58)
[2017.01.12-15.12.59:054][698]LogModuleManager: Shutting down and abandoning module TextureFormatIntelISPCTexComp (57)
[2017.01.12-15.12.59:072][698]LogModuleManager: Shutting down and abandoning module ImageWrapper (56)
[2017.01.12-15.12.59:072][698]LogModuleManager: Shutting down and abandoning module TextureFormatASTC (55)
[2017.01.12-15.12.59:072][698]LogModuleManager: Shutting down and abandoning module TextureFormatAndroid (54)
[2017.01.12-15.12.59:072][698]LogModuleManager: Shutting down and abandoning module AudioFormatOpus (53)
[2017.01.12-15.12.59:072][698]LogModuleManager: Shutting down and abandoning module AudioFormatOgg (52)
[2017.01.12-15.12.59:072][698]LogModuleManager: Shutting down and abandoning module AudioFormatADPCM (51)
[2017.01.12-15.12.59:072][698]LogModuleManager: Shutting down and abandoning module LinuxTargetPlatform (50)
[2017.01.12-15.12.59:072][698]LogModuleManager: Shutting down and abandoning module LinuxServerTargetPlatform (49)
[2017.01.12-15.12.59:072][698]LogModuleManager: Shutting down and abandoning module LinuxNoEditorTargetPlatform (48)
[2017.01.12-15.12.59:072][698]LogModuleManager: Shutting down and abandoning module LinuxClientTargetPlatform (47)
[2017.01.12-15.12.59:072][698]LogModuleManager: Shutting down and abandoning module TVOSTargetPlatform (46)
[2017.01.12-15.12.59:072][698]LogModuleManager: Shutting down and abandoning module Messaging (45)
[2017.01.12-15.12.59:072][698]LogModuleManager: Shutting down and abandoning module IOSTargetPlatform (44)
[2017.01.12-15.12.59:072][698]LogModuleManager: Shutting down and abandoning module HTML5TargetPlatform (43)
[2017.01.12-15.12.59:072][698]LogModuleManager: Shutting down and abandoning module Android_PVRTCTargetPlatform (42)
[2017.01.12-15.12.59:072][698]LogModuleManager: Shutting down and abandoning module Android_MultiTargetPlatform (41)
[2017.01.12-15.12.59:072][698]LogModuleManager: Shutting down and abandoning module Android_ETC2TargetPlatform (40)
[2017.01.12-15.12.59:072][698]LogModuleManager: Shutting down and abandoning module Android_ETC1TargetPlatform (39)
[2017.01.12-15.12.59:072][698]LogModuleManager: Shutting down and abandoning module Android_DXTTargetPlatform (38)
[2017.01.12-15.12.59:072][698]LogModuleManager: Shutting down and abandoning module Android_ATCTargetPlatform (37)
[2017.01.12-15.12.59:072][698]LogModuleManager: Shutting down and abandoning module Android_ASTCTargetPlatform (36)
[2017.01.12-15.12.59:072][698]LogModuleManager: Shutting down and abandoning module AndroidTargetPlatform (35)
[2017.01.12-15.12.59:072][698]LogModuleManager: Shutting down and abandoning module WindowsTargetPlatform (34)
[2017.01.12-15.12.59:072][698]LogModuleManager: Shutting down and abandoning module WindowsServerTargetPlatform (33)
[2017.01.12-15.12.59:072][698]LogModuleManager: Shutting down and abandoning module WindowsNoEditorTargetPlatform (32)
[2017.01.12-15.12.59:072][698]LogModuleManager: Shutting down and abandoning module WindowsClientTargetPlatform (31)
[2017.01.12-15.12.59:072][698]LogModuleManager: Shutting down and abandoning module MacTargetPlatform (30)
[2017.01.12-15.12.59:072][698]LogModuleManager: Shutting down and abandoning module MacServerTargetPlatform (29)
[2017.01.12-15.12.59:072][698]LogModuleManager: Shutting down and abandoning module MacNoEditorTargetPlatform (28)
[2017.01.12-15.12.59:072][698]LogModuleManager: Shutting down and abandoning module MacClientTargetPlatform (27)
[2017.01.12-15.12.59:072][698]LogModuleManager: Shutting down and abandoning module AllDesktopTargetPlatform (26)
[2017.01.12-15.12.59:072][698]LogModuleManager: Shutting down and abandoning module TargetPlatform (25)
[2017.01.12-15.12.59:072][698]LogModuleManager: Shutting down and abandoning module InputCore (24)
[2017.01.12-15.12.59:072][698]LogModuleManager: Shutting down and abandoning module Settings (23)
[2017.01.12-15.12.59:072][698]LogModuleManager: Shutting down and abandoning module OculusRift (22)
[2017.01.12-15.12.59:072][698]LogModuleManager: Shutting down and abandoning module ExampleDeviceProfileSelector (21)
[2017.01.12-15.12.59:072][698]LogModuleManager: Shutting down and abandoning module OnlineBlueprintSupport (20)
[2017.01.12-15.12.59:072][698]LogModuleManager: Shutting down and abandoning module OnlineSubsystem (18)
[2017.01.12-15.12.59:072][698]LogOnline:Display: Unloading online subsystem: NULL
[2017.01.12-15.12.59:072][698]LogModuleManager: Shutting down and abandoning module SSL (17)
[2017.01.12-15.12.59:074][698]LogModuleManager: Shutting down and abandoning module HTTP (16)
[2017.01.12-15.12.59:074][698]LogModuleManager: Shutting down and abandoning module XMPP (15)
[2017.01.12-15.12.59:074][698]LogModuleManager: Shutting down and abandoning module TextureCompressor (14)
[2017.01.12-15.12.59:074][698]LogModuleManager: Shutting down and abandoning module ShaderCore (13)
[2017.01.12-15.12.59:074][698]LogModuleManager: Shutting down and abandoning module Landscape (12)
[2017.01.12-15.12.59:074][698]LogModuleManager: Shutting down and abandoning module SlateRHIRenderer (11)
[2017.01.12-15.12.59:075][698]LogModuleManager: Shutting down and abandoning module OpenGLDrv (10)
[2017.01.12-15.12.59:075][698]LogModuleManager: Shutting down and abandoning module D3D11RHI (9)
[2017.01.12-15.12.59:075][698]LogModuleManager: Shutting down and abandoning module AnimGraphRuntime (8)
[2017.01.12-15.12.59:075][698]LogModuleManager: Shutting down and abandoning module Renderer (7)
[2017.01.12-15.12.59:075][698]LogModuleManager: Shutting down and abandoning module Engine (6)
[2017.01.12-15.12.59:075][698]LogModuleManager: Shutting down and abandoning module CoreUObject (5)
[2017.01.12-15.12.59:075][698]LogModuleManager: Shutting down and abandoning module NetworkFile (4)
[2017.01.12-15.12.59:075][698]LogModuleManager: Shutting down and abandoning module StreamingFile (3)
[2017.01.12-15.12.59:075][698]LogModuleManager: Shutting down and abandoning module SandboxFile (2)
[2017.01.12-15.12.59:075][698]LogModuleManager: Shutting down and abandoning module PakFile (1)
[2017.01.12-15.12.59:077][698]LogExit: Exiting.
[2017.01.12-15.12.59:078][698]Log file closed, 01/12/17 16:12:59
